#
# There is insufficient memory for the Java Runtime Environment to continue.
# Native memory allocation (mmap) failed to map 123731968 bytes for G1 virtual space
# Possible reasons:
#   The system is out of physical RAM or swap space
#   The process is running with CompressedOops enabled, and the Java Heap may be blocking the growth of the native heap
# Possible solutions:
#   Reduce memory load on the system
#   Increase physical memory or swap space
#   Check if swap backing store is full
#   Decrease Java heap size (-Xmx/-Xms)
#   Decrease number of Java threads
#   Decrease Java thread stack sizes (-Xss)
#   Set larger code cache with -XX:ReservedCodeCacheSize=
#   JVM is running with Unscaled Compressed Oops mode in which the Java heap is
#     placed in the first 4GB address space. The Java Heap base address is the
#     maximum limit for the native heap growth. Please use -XX:HeapBaseMinAddress
#     to set the Java Heap base and to place the Java Heap above 4GB virtual address.
# This output file may be truncated or incomplete.
#
#  Out of Memory Error (os_windows.cpp:3548), pid=25228, tid=25200
#
# JRE version:  (17.0.11+7) (build )
# Java VM: Java HotSpot(TM) 64-Bit Server VM (17.0.11+7-LTS-207, mixed mode, sharing, tiered, compressed oops, compressed class ptrs, g1 gc, windows-amd64)
# No core dump will be written. Minidumps are not enabled by default on client versions of Windows
#

---------------  S U M M A R Y ------------

Command Line: -Dfile.encoding=UTF-8 --module-path=C:\Users\91880\OneDrive\Documents\NetBeansProjects\AirlineManagementSystem\build\classes airlinemanagementsystem.AddCustomer

Host: AMD Ryzen 5 5500U with Radeon Graphics         , 12 cores, 7G,  Windows 11 , 64 bit Build 22621 (10.0.22621.3672)
Time: Wed Jun 12 12:22:32 2024 India Standard Time elapsed time: 0.027365 seconds (0d 0h 0m 0s)

---------------  T H R E A D  ---------------

Current thread (0x00000181a112f600):  JavaThread "Unknown thread" [_thread_in_vm, id=25200, stack(0x0000004413900000,0x0000004413a00000)]

Stack: [0x0000004413900000,0x0000004413a00000]
Native frames: (J=compiled Java code, j=interpreted, Vv=VM code, C=native code)
V  [jvm.dll+0x679cca]
V  [jvm.dll+0x7da13d]
V  [jvm.dll+0x7dba83]
V  [jvm.dll+0x7dc0f3]
V  [jvm.dll+0x2449af]
V  [jvm.dll+0x676ce9]
V  [jvm.dll+0x66b852]
V  [jvm.dll+0x3018d6]
V  [jvm.dll+0x308e76]
V  [jvm.dll+0x3596ee]
V  [jvm.dll+0x35991f]
V  [jvm.dll+0x2d89a8]
V  [jvm.dll+0x2d9914]
V  [jvm.dll+0x7ac6b1]
V  [jvm.dll+0x366f61]
V  [jvm.dll+0x78b609]
V  [jvm.dll+0x3ec22f]
V  [jvm.dll+0x3ede61]
C  [jli.dll+0x5297]
C  [ucrtbase.dll+0x29333]
C  [KERNEL32.DLL+0x1257d]
C  [ntdll.dll+0x5aa48]


---------------  P R O C E S S  ---------------

Threads class SMR info:
_java_thread_list=0x00007ffb608f7a18, length=0, elements={
}

Java Threads: ( => current thread )

Other Threads:
  0x00000181a1187580 GCTaskThread "GC Thread#0" [stack: 0x0000004413a00000,0x0000004413b00000] [id=25188]
  0x00000181a1196e50 ConcurrentGCThread "G1 Main Marker" [stack: 0x0000004413b00000,0x0000004413c00000] [id=19920]
  0x00000181a1197760 ConcurrentGCThread "G1 Conc#0" [stack: 0x0000004413c00000,0x0000004413d00000] [id=18528]

[error occurred during error reporting (printing all threads), id 0xc0000005, EXCEPTION_ACCESS_VIOLATION (0xc0000005) at pc=0x00007ffb60129497]

VM state: not at safepoint (not fully initialized)

VM Mutex/Monitor currently owned by a thread:  ([mutex/lock_event])
[0x00000181a112ba10] Heap_lock - owner thread: 0x00000181a112f600

Heap address: 0x000000008ac00000, size: 1876 MB, Compressed Oops mode: 32-bit

CDS archive(s) mapped at: [0x0000000000000000-0x0000000000000000-0x0000000000000000), size 0, SharedBaseAddress: 0x0000000800000000, ArchiveRelocationMode: 1.
Narrow klass base: 0x0000000000000000, Narrow klass shift: 0, Narrow klass range: 0x0

GC Precious Log:
<Empty>

Heap:
 garbage-first heap   total 0K, used 0K [0x000000008ac00000, 0x0000000100000000)
  region size 1024K, 0 young (0K), 0 survivors (0K)

[error occurred during error reporting (printing heap information), id 0xc0000005, EXCEPTION_ACCESS_VIOLATION (0xc0000005) at pc=0x00007ffb60513559]

GC Heap History (0 events):
No events

Deoptimization events (0 events):
No events

Classes unloaded (0 events):
No events

Classes redefined (0 events):
No events

Internal exceptions (0 events):
No events

VM Operations (0 events):
No events

Events (1 events):
Event: 0.017 Loaded shared library C:\Program Files\Java\jdk-17\bin\java.dll


Dynamic libraries:
0x00007ff760460000 - 0x00007ff760470000 	C:\Program Files\Java\jdk-17\bin\java.exe
0x00007ffba50f0000 - 0x00007ffba5307000 	C:\WINDOWS\SYSTEM32\ntdll.dll
0x00007ffba3660000 - 0x00007ffba3724000 	C:\WINDOWS\System32\KERNEL32.DLL
0x00007ffba29c0000 - 0x00007ffba2d6c000 	C:\WINDOWS\System32\KERNELBASE.dll
0x00007ffba2610000 - 0x00007ffba2721000 	C:\WINDOWS\System32\ucrtbase.dll
0x00007ffb9e240000 - 0x00007ffb9e25b000 	C:\Program Files\Java\jdk-17\bin\VCRUNTIME140.dll
0x00007ffb59ea0000 - 0x00007ffb59eb9000 	C:\Program Files\Java\jdk-17\bin\jli.dll
0x00007ffba4b00000 - 0x00007ffba4bb2000 	C:\WINDOWS\System32\ADVAPI32.dll
0x00007ffba4a40000 - 0x00007ffba4ae7000 	C:\WINDOWS\System32\msvcrt.dll
0x00007ffba3420000 - 0x00007ffba34c8000 	C:\WINDOWS\System32\sechost.dll
0x00007ffba28a0000 - 0x00007ffba28c8000 	C:\WINDOWS\System32\bcrypt.dll
0x00007ffba2e50000 - 0x00007ffba2f65000 	C:\WINDOWS\System32\RPCRT4.dll
0x00007ffba2ff0000 - 0x00007ffba319e000 	C:\WINDOWS\System32\USER32.dll
0x00007ffba2540000 - 0x00007ffba2566000 	C:\WINDOWS\System32\win32u.dll
0x00007ffb85470000 - 0x00007ffb85703000 	C:\WINDOWS\WinSxS\amd64_microsoft.windows.common-controls_6595b64144ccf1df_6.0.22621.3672_none_2713b9d173822955\COMCTL32.dll
0x00007ffba3730000 - 0x00007ffba3759000 	C:\WINDOWS\System32\GDI32.dll
0x00007ffba2420000 - 0x00007ffba2539000 	C:\WINDOWS\System32\gdi32full.dll
0x00007ffba2570000 - 0x00007ffba260a000 	C:\WINDOWS\System32\msvcp_win.dll
0x00007ffb9a460000 - 0x00007ffb9a46a000 	C:\WINDOWS\SYSTEM32\VERSION.dll
0x00007ffba31c0000 - 0x00007ffba31f1000 	C:\WINDOWS\System32\IMM32.DLL
0x00007ffb9f6f0000 - 0x00007ffb9f6fc000 	C:\Program Files\Java\jdk-17\bin\vcruntime140_1.dll
0x00007ffb83ae0000 - 0x00007ffb83b6e000 	C:\Program Files\Java\jdk-17\bin\msvcp140.dll
0x00007ffb5fe40000 - 0x00007ffb60a20000 	C:\Program Files\Java\jdk-17\bin\server\jvm.dll
0x00007ffba4af0000 - 0x00007ffba4af8000 	C:\WINDOWS\System32\PSAPI.DLL
0x00007ffb9f710000 - 0x00007ffb9f719000 	C:\WINDOWS\SYSTEM32\WSOCK32.dll
0x00007ffba2f70000 - 0x00007ffba2fe1000 	C:\WINDOWS\System32\WS2_32.dll
0x00007ffb9b290000 - 0x00007ffb9b2c4000 	C:\WINDOWS\SYSTEM32\WINMM.dll
0x00007ffba1450000 - 0x00007ffba1468000 	C:\WINDOWS\SYSTEM32\kernel.appcore.dll
0x00007ffb9e1a0000 - 0x00007ffb9e1aa000 	C:\Program Files\Java\jdk-17\bin\jimage.dll
0x00007ffb98b70000 - 0x00007ffb98da2000 	C:\WINDOWS\SYSTEM32\DBGHELP.DLL
0x00007ffba4c70000 - 0x00007ffba4ff8000 	C:\WINDOWS\System32\combase.dll
0x00007ffba3760000 - 0x00007ffba3837000 	C:\WINDOWS\System32\OLEAUT32.dll
0x00007ffb87290000 - 0x00007ffb872c2000 	C:\WINDOWS\SYSTEM32\dbgcore.DLL
0x00007ffba28d0000 - 0x00007ffba294b000 	C:\WINDOWS\System32\bcryptPrimitives.dll
0x00007ffb9e200000 - 0x00007ffb9e225000 	C:\Program Files\Java\jdk-17\bin\java.dll

dbghelp: loaded successfully - version: 4.0.5 - missing functions: none
symbol engine: initialized successfully - sym options: 0x614 - pdb path: .;C:\Program Files\Java\jdk-17\bin;C:\WINDOWS\SYSTEM32;C:\WINDOWS\WinSxS\amd64_microsoft.windows.common-controls_6595b64144ccf1df_6.0.22621.3672_none_2713b9d173822955;C:\Program Files\Java\jdk-17\bin\server

VM Arguments:
jvm_args: -Dfile.encoding=UTF-8 --module-path=C:\Users\91880\OneDrive\Documents\NetBeansProjects\AirlineManagementSystem\build\classes 
java_command: airlinemanagementsystem.AddCustomer
java_class_path (initial): C:\Users\91880\OneDrive\Documents\NetBeansProjects\AirlineManagementSystem\mysql-connector-java-8.0.28.jar;C:\Users\91880\OneDrive\Documents\NetBeansProjects\AirlineManagementSystem\build\classes
Launcher Type: SUN_STANDARD

[Global flags]
     intx CICompilerCount                          = 4                                         {product} {ergonomic}
     uint ConcGCThreads                            = 3                                         {product} {ergonomic}
     uint G1ConcRefinementThreads                  = 10                                        {product} {ergonomic}
   size_t G1HeapRegionSize                         = 1048576                                   {product} {ergonomic}
    uintx GCDrainStackTargetSize                   = 64                                        {product} {ergonomic}
   size_t InitialHeapSize                          = 123731968                                 {product} {ergonomic}
   size_t MarkStackSize                            = 4194304                                   {product} {ergonomic}
   size_t MaxHeapSize                              = 1967128576                                {product} {ergonomic}
   size_t MinHeapDeltaBytes                        = 1048576                                   {product} {ergonomic}
   size_t MinHeapSize                              = 8388608                                   {product} {ergonomic}
    uintx NonNMethodCodeHeapSize                   = 5839372                                {pd product} {ergonomic}
    uintx NonProfiledCodeHeapSize                  = 122909434                              {pd product} {ergonomic}
    uintx ProfiledCodeHeapSize                     = 122909434                              {pd product} {ergonomic}
    uintx ReservedCodeCacheSize                    = 251658240                              {pd product} {ergonomic}
     bool SegmentedCodeCache                       = true                                      {product} {ergonomic}
   size_t SoftMaxHeapSize                          = 1967128576                             {manageable} {ergonomic}
     bool UseCompressedClassPointers               = true                           {product lp64_product} {ergonomic}
     bool UseCompressedOops                        = true                           {product lp64_product} {ergonomic}
     bool UseG1GC                                  = true                                      {product} {ergonomic}
     bool UseLargePagesIndividualAllocation        = false                                  {pd product} {ergonomic}

Logging:
Log output configuration:
 #0: stdout all=warning uptime,level,tags
 #1: stderr all=off uptime,level,tags

Environment Variables:
PATH=C:\Program Files\Common Files\Oracle\Java\javapath;C:\Program Files (x86)\Common Files\Oracle\Java\javapath;C:\Program Files\Python39\Scripts\;C:\Program Files\Python39\;C:\WINDOWS\system32;C:\WINDOWS;C:\WINDOWS\System32\Wbem;C:\WINDOWS\System32\WindowsPowerShell\v1.0\;C:\WINDOWS\System32\OpenSSH\;C:\Program Files\Microchip\xc8\v2.36\bin;C:\Program Files\Git\cmd;C:\Program Files\MySQL\MySQL Server 8.0\bin;C:\Program Files\HP\HP One Agent;C:\Program Files\Java\jdk-17\bin;C:\Program Files\MySQL\MySQL Shell 8.0\bin\;C:\Users\91880\AppData\Local\Programs\Python\Launcher\;C:\Users\91880\AppData\Local\Microsoft\WindowsApps;C:\Users\91880\AppData\Local\Programs\Microsoft VS Code\bin;C:\MinGW\bin;C:\Program Files\Java\jdk1.8.0_201\bin
USERNAME=91880
OS=Windows_NT
PROCESSOR_IDENTIFIER=AMD64 Family 23 Model 104 Stepping 1, AuthenticAMD



---------------  S Y S T E M  ---------------

OS:
 Windows 11 , 64 bit Build 22621 (10.0.22621.3672)
OS uptime: 0 days 2:01 hours
Hyper-V role detected

CPU: total 12 (initial active 12) (12 cores per cpu, 2 threads per core) family 23 model 104 stepping 1 microcode 0x0, cx8, cmov, fxsr, ht, mmx, 3dnowpref, sse, sse2, sse3, ssse3, sse4a, sse4.1, sse4.2, popcnt, lzcnt, tsc, tscinvbit, avx, avx2, aes, clmul, bmi1, bmi2, adx, sha, fma, vzeroupper, clflush, clflushopt, hv

Memory: 4k page, system-wide physical 7502M (76M free)
TotalPageFile size 30024M (AvailPageFile size 49M)
current process WorkingSet (physical memory assigned to process): 11M, peak: 11M
current process commit charge ("private bytes"): 64M, peak: 182M

vm_info: Java HotSpot(TM) 64-Bit Server VM (17.0.11+7-LTS-207) for windows-amd64 JRE (17.0.11+7-LTS-207), built on Mar 11 2024 19:01:50 by "mach5one" with MS VC++ 17.6 (VS2022)

END.
