#
# There is insufficient memory for the Java Runtime Environment to continue.
# Native memory allocation (malloc) failed to allocate 2242896 bytes for Chunk::new
# Possible reasons:
#   The system is out of physical RAM or swap space
#   The process is running with CompressedOops enabled, and the Java Heap may be blocking the growth of the native heap
# Possible solutions:
#   Reduce memory load on the system
#   Increase physical memory or swap space
#   Check if swap backing store is full
#   Decrease Java heap size (-Xmx/-Xms)
#   Decrease number of Java threads
#   Decrease Java thread stack sizes (-Xss)
#   Set larger code cache with -XX:ReservedCodeCacheSize=
#   JVM is running with Unscaled Compressed Oops mode in which the Java heap is
#     placed in the first 4GB address space. The Java Heap base address is the
#     maximum limit for the native heap growth. Please use -XX:HeapBaseMinAddress
#     to set the Java Heap base and to place the Java Heap above 4GB virtual address.
# This output file may be truncated or incomplete.
#
#  Out of Memory Error (arena.cpp:189), pid=25932, tid=26700
#
# JRE version: Java(TM) SE Runtime Environment (17.0.11+7) (build 17.0.11+7-LTS-207)
# Java VM: Java HotSpot(TM) 64-Bit Server VM (17.0.11+7-LTS-207, mixed mode, sharing, tiered, compressed oops, compressed class ptrs, g1 gc, windows-amd64)
# No core dump will be written. Minidumps are not enabled by default on client versions of Windows
#

---------------  S U M M A R Y ------------

Command Line: -Dfile.encoding=UTF-8 --module-path=C:\Users\91880\OneDrive\Documents\NetBeansProjects\Chatting Application\build\classes chatting.application.Server

Host: AMD Ryzen 5 5500U with Radeon Graphics         , 12 cores, 7G,  Windows 11 , 64 bit Build 22621 (10.0.22621.3527)
Time: Sat Jun  8 16:55:20 2024 India Standard Time elapsed time: 0.882307 seconds (0d 0h 0m 0s)

---------------  T H R E A D  ---------------

Current thread (0x000001922aa207e0):  JavaThread "C2 CompilerThread0" daemon [_thread_in_native, id=26700, stack(0x0000007075600000,0x0000007075700000)]


Current CompileTask:
C2:    882  687   !   4       sun.awt.image.PNGImageDecoder::produceImage (1917 bytes)

Stack: [0x0000007075600000,0x0000007075700000]
Native frames: (J=compiled Java code, j=interpreted, Vv=VM code, C=native code)
V  [jvm.dll+0x679cca]
V  [jvm.dll+0x7da13d]
V  [jvm.dll+0x7dba83]
V  [jvm.dll+0x7dc0f3]
V  [jvm.dll+0x2449af]
V  [jvm.dll+0xab83b]
V  [jvm.dll+0xabe1c]
V  [jvm.dll+0x36155f]
V  [jvm.dll+0x1b9fca]
V  [jvm.dll+0x216337]
V  [jvm.dll+0x21560f]
V  [jvm.dll+0x1a2040]
V  [jvm.dll+0x225a2b]
V  [jvm.dll+0x223bcb]
V  [jvm.dll+0x7903ec]
V  [jvm.dll+0x78a85a]
V  [jvm.dll+0x678bb5]
C  [ucrtbase.dll+0x29333]
C  [KERNEL32.DLL+0x1257d]
C  [ntdll.dll+0x5aa48]


---------------  P R O C E S S  ---------------

Threads class SMR info:
_java_thread_list=0x0000019276504420, length=20, elements={
0x000001922aa06330, 0x000001922aa07f00, 0x000001922aa1a8e0, 0x000001922aa1b2a0,
0x000001922aa1bc60, 0x000001922aa1d630, 0x000001922aa207e0, 0x000001922aa221b0,
0x000001922aa22ac0, 0x000001922abf1820, 0x000001922acdb140, 0x000001922ae51820,
0x000001922ae51f10, 0x000001922ae52740, 0x000001927295b010, 0x00000192729c1a20,
0x0000019272de76c0, 0x0000019272e535d0, 0x0000019275f70a80, 0x0000019275f70f90
}

Java Threads: ( => current thread )
  0x000001922aa06330 JavaThread "Reference Handler" daemon [_thread_blocked, id=22084, stack(0x0000007075000000,0x0000007075100000)]
  0x000001922aa07f00 JavaThread "Finalizer" daemon [_thread_blocked, id=25064, stack(0x0000007075100000,0x0000007075200000)]
  0x000001922aa1a8e0 JavaThread "Signal Dispatcher" daemon [_thread_blocked, id=16604, stack(0x0000007075200000,0x0000007075300000)]
  0x000001922aa1b2a0 JavaThread "Attach Listener" daemon [_thread_blocked, id=26488, stack(0x0000007075300000,0x0000007075400000)]
  0x000001922aa1bc60 JavaThread "Service Thread" daemon [_thread_blocked, id=24656, stack(0x0000007075400000,0x0000007075500000)]
  0x000001922aa1d630 JavaThread "Monitor Deflation Thread" daemon [_thread_blocked, id=25492, stack(0x0000007075500000,0x0000007075600000)]
=>0x000001922aa207e0 JavaThread "C2 CompilerThread0" daemon [_thread_in_native, id=26700, stack(0x0000007075600000,0x0000007075700000)]
  0x000001922aa221b0 JavaThread "C1 CompilerThread0" daemon [_thread_blocked, id=26704, stack(0x0000007075700000,0x0000007075800000)]
  0x000001922aa22ac0 JavaThread "Sweeper thread" daemon [_thread_blocked, id=26040, stack(0x0000007075800000,0x0000007075900000)]
  0x000001922abf1820 JavaThread "Common-Cleaner" daemon [_thread_blocked, id=25768, stack(0x0000007075900000,0x0000007075a00000)]
  0x000001922acdb140 JavaThread "Notification Thread" daemon [_thread_blocked, id=25776, stack(0x0000007075a00000,0x0000007075b00000)]
  0x000001922ae51820 JavaThread "Java2D Disposer" daemon [_thread_blocked, id=16220, stack(0x0000007075c00000,0x0000007075d00000)]
  0x000001922ae51f10 JavaThread "AWT-Shutdown" [_thread_blocked, id=26784, stack(0x0000007075d00000,0x0000007075e00000)]
  0x000001922ae52740 JavaThread "AWT-Windows" daemon [_thread_in_native, id=26388, stack(0x0000007075e00000,0x0000007075f00000)]
  0x000001927295b010 JavaThread "Image Fetcher 0" daemon [_thread_blocked, id=26020, stack(0x0000007076800000,0x0000007076900000)]
  0x00000192729c1a20 JavaThread "Image Fetcher 1" daemon [_thread_blocked, id=26016, stack(0x0000007076a00000,0x0000007076b00000)]
  0x0000019272de76c0 JavaThread "C2 CompilerThread1" daemon [_thread_blocked, id=26980, stack(0x0000007076b00000,0x0000007076c00000)]
  0x0000019272e535d0 JavaThread "AWT-EventQueue-0" [_thread_in_native, id=9768, stack(0x0000007076c00000,0x0000007076d00000)]
  0x0000019275f70a80 JavaThread "DestroyJavaVM" [_thread_blocked, id=24288, stack(0x0000007074900000,0x0000007074a00000)]
  0x0000019275f70f90 JavaThread "D3D Screen Updater" daemon [_thread_blocked, id=26108, stack(0x0000007076e00000,0x0000007076f00000)]

Other Threads:
  0x000001922aa00320 VMThread "VM Thread" [stack: 0x0000007074f00000,0x0000007075000000] [id=24468]
  0x000001920caac290 WatcherThread [stack: 0x0000007075b00000,0x0000007075c00000] [id=23796]
  0x000001920ca96370 GCTaskThread "GC Thread#0" [stack: 0x0000007074a00000,0x0000007074b00000] [id=25188]
  0x000001920caa5d40 ConcurrentGCThread "G1 Main Marker" [stack: 0x0000007074b00000,0x0000007074c00000] [id=6096]
  0x000001920caa6750 ConcurrentGCThread "G1 Conc#0" [stack: 0x0000007074c00000,0x0000007074d00000] [id=3628]
  0x000001922a8c24b0 ConcurrentGCThread "G1 Refine#0" [stack: 0x0000007074d00000,0x0000007074e00000] [id=4544]
  0x000001920cb09c50 ConcurrentGCThread "G1 Service" [stack: 0x0000007074e00000,0x0000007074f00000] [id=25060]

Threads with active compile tasks:
C2 CompilerThread0      898  687   !   4       sun.awt.image.PNGImageDecoder::produceImage (1917 bytes)

VM state: not at safepoint (normal execution)

VM Mutex/Monitor currently owned by a thread: None

Heap address: 0x000000008ac00000, size: 1876 MB, Compressed Oops mode: 32-bit

CDS archive(s) mapped at: [0x000001922b000000-0x000001922bbd0000-0x000001922bbd0000), size 12386304, SharedBaseAddress: 0x000001922b000000, ArchiveRelocationMode: 1.
Compressed class space mapped at: 0x000001922c000000-0x000001926c000000, reserved size: 1073741824
Narrow klass base: 0x000001922b000000, Narrow klass shift: 0, Narrow klass range: 0x100000000

GC Precious Log:
 CPUs: 12 total, 12 available
 Memory: 7502M
 Large Page Support: Disabled
 NUMA Support: Disabled
 Compressed Oops: Enabled (32-bit)
 Heap Region Size: 1M
 Heap Min Capacity: 8M
 Heap Initial Capacity: 118M
 Heap Max Capacity: 1876M
 Pre-touch: Disabled
 Parallel Workers: 10
 Concurrent Workers: 3
 Concurrent Refinement Workers: 10
 Periodic GC: Disabled

Heap:
 garbage-first heap   total 120832K, used 14336K [0x000000008ac00000, 0x0000000100000000)
  region size 1024K, 12 young (12288K), 0 survivors (0K)
 Metaspace       used 7351K, committed 7616K, reserved 1114112K
  class space    used 840K, committed 960K, reserved 1048576K

Heap Regions: E=young(eden), S=young(survivor), O=old, HS=humongous(starts), HC=humongous(continues), CS=collection set, F=free, OA=open archive, CA=closed archive, TAMS=top-at-mark-start (previous, next)
|   0|0x000000008ac00000, 0x000000008ad00000, 0x000000008ad00000|100%|HS|  |TAMS 0x000000008ac00000, 0x000000008ac00000| Complete 
|   1|0x000000008ad00000, 0x000000008ae00000, 0x000000008ae00000|100%|HC|  |TAMS 0x000000008ad00000, 0x000000008ad00000| Complete 
|   2|0x000000008ae00000, 0x000000008af00000, 0x000000008af00000|100%|HS|  |TAMS 0x000000008ae00000, 0x000000008ae00000| Complete 
|   3|0x000000008af00000, 0x000000008af00000, 0x000000008b000000|  0%| F|  |TAMS 0x000000008af00000, 0x000000008af00000| Untracked 
|   4|0x000000008b000000, 0x000000008b000000, 0x000000008b100000|  0%| F|  |TAMS 0x000000008b000000, 0x000000008b000000| Untracked 
|   5|0x000000008b100000, 0x000000008b100000, 0x000000008b200000|  0%| F|  |TAMS 0x000000008b100000, 0x000000008b100000| Untracked 
|   6|0x000000008b200000, 0x000000008b200000, 0x000000008b300000|  0%| F|  |TAMS 0x000000008b200000, 0x000000008b200000| Untracked 
|   7|0x000000008b300000, 0x000000008b300000, 0x000000008b400000|  0%| F|  |TAMS 0x000000008b300000, 0x000000008b300000| Untracked 
|   8|0x000000008b400000, 0x000000008b400000, 0x000000008b500000|  0%| F|  |TAMS 0x000000008b400000, 0x000000008b400000| Untracked 
|   9|0x000000008b500000, 0x000000008b500000, 0x000000008b600000|  0%| F|  |TAMS 0x000000008b500000, 0x000000008b500000| Untracked 
|  10|0x000000008b600000, 0x000000008b600000, 0x000000008b700000|  0%| F|  |TAMS 0x000000008b600000, 0x000000008b600000| Untracked 
|  11|0x000000008b700000, 0x000000008b700000, 0x000000008b800000|  0%| F|  |TAMS 0x000000008b700000, 0x000000008b700000| Untracked 
|  12|0x000000008b800000, 0x000000008b800000, 0x000000008b900000|  0%| F|  |TAMS 0x000000008b800000, 0x000000008b800000| Untracked 
|  13|0x000000008b900000, 0x000000008b900000, 0x000000008ba00000|  0%| F|  |TAMS 0x000000008b900000, 0x000000008b900000| Untracked 
|  14|0x000000008ba00000, 0x000000008ba00000, 0x000000008bb00000|  0%| F|  |TAMS 0x000000008ba00000, 0x000000008ba00000| Untracked 
|  15|0x000000008bb00000, 0x000000008bb00000, 0x000000008bc00000|  0%| F|  |TAMS 0x000000008bb00000, 0x000000008bb00000| Untracked 
|  16|0x000000008bc00000, 0x000000008bc00000, 0x000000008bd00000|  0%| F|  |TAMS 0x000000008bc00000, 0x000000008bc00000| Untracked 
|  17|0x000000008bd00000, 0x000000008bd00000, 0x000000008be00000|  0%| F|  |TAMS 0x000000008bd00000, 0x000000008bd00000| Untracked 
|  18|0x000000008be00000, 0x000000008be00000, 0x000000008bf00000|  0%| F|  |TAMS 0x000000008be00000, 0x000000008be00000| Untracked 
|  19|0x000000008bf00000, 0x000000008bf00000, 0x000000008c000000|  0%| F|  |TAMS 0x000000008bf00000, 0x000000008bf00000| Untracked 
|  20|0x000000008c000000, 0x000000008c000000, 0x000000008c100000|  0%| F|  |TAMS 0x000000008c000000, 0x000000008c000000| Untracked 
|  21|0x000000008c100000, 0x000000008c100000, 0x000000008c200000|  0%| F|  |TAMS 0x000000008c100000, 0x000000008c100000| Untracked 
|  22|0x000000008c200000, 0x000000008c200000, 0x000000008c300000|  0%| F|  |TAMS 0x000000008c200000, 0x000000008c200000| Untracked 
|  23|0x000000008c300000, 0x000000008c300000, 0x000000008c400000|  0%| F|  |TAMS 0x000000008c300000, 0x000000008c300000| Untracked 
|  24|0x000000008c400000, 0x000000008c400000, 0x000000008c500000|  0%| F|  |TAMS 0x000000008c400000, 0x000000008c400000| Untracked 
|  25|0x000000008c500000, 0x000000008c500000, 0x000000008c600000|  0%| F|  |TAMS 0x000000008c500000, 0x000000008c500000| Untracked 
|  26|0x000000008c600000, 0x000000008c600000, 0x000000008c700000|  0%| F|  |TAMS 0x000000008c600000, 0x000000008c600000| Untracked 
|  27|0x000000008c700000, 0x000000008c700000, 0x000000008c800000|  0%| F|  |TAMS 0x000000008c700000, 0x000000008c700000| Untracked 
|  28|0x000000008c800000, 0x000000008c800000, 0x000000008c900000|  0%| F|  |TAMS 0x000000008c800000, 0x000000008c800000| Untracked 
|  29|0x000000008c900000, 0x000000008c900000, 0x000000008ca00000|  0%| F|  |TAMS 0x000000008c900000, 0x000000008c900000| Untracked 
|  30|0x000000008ca00000, 0x000000008ca00000, 0x000000008cb00000|  0%| F|  |TAMS 0x000000008ca00000, 0x000000008ca00000| Untracked 
|  31|0x000000008cb00000, 0x000000008cb00000, 0x000000008cc00000|  0%| F|  |TAMS 0x000000008cb00000, 0x000000008cb00000| Untracked 
|  32|0x000000008cc00000, 0x000000008cc00000, 0x000000008cd00000|  0%| F|  |TAMS 0x000000008cc00000, 0x000000008cc00000| Untracked 
|  33|0x000000008cd00000, 0x000000008cd00000, 0x000000008ce00000|  0%| F|  |TAMS 0x000000008cd00000, 0x000000008cd00000| Untracked 
|  34|0x000000008ce00000, 0x000000008ce00000, 0x000000008cf00000|  0%| F|  |TAMS 0x000000008ce00000, 0x000000008ce00000| Untracked 
|  35|0x000000008cf00000, 0x000000008cf00000, 0x000000008d000000|  0%| F|  |TAMS 0x000000008cf00000, 0x000000008cf00000| Untracked 
|  36|0x000000008d000000, 0x000000008d000000, 0x000000008d100000|  0%| F|  |TAMS 0x000000008d000000, 0x000000008d000000| Untracked 
|  37|0x000000008d100000, 0x000000008d100000, 0x000000008d200000|  0%| F|  |TAMS 0x000000008d100000, 0x000000008d100000| Untracked 
|  38|0x000000008d200000, 0x000000008d200000, 0x000000008d300000|  0%| F|  |TAMS 0x000000008d200000, 0x000000008d200000| Untracked 
|  39|0x000000008d300000, 0x000000008d300000, 0x000000008d400000|  0%| F|  |TAMS 0x000000008d300000, 0x000000008d300000| Untracked 
|  40|0x000000008d400000, 0x000000008d400000, 0x000000008d500000|  0%| F|  |TAMS 0x000000008d400000, 0x000000008d400000| Untracked 
|  41|0x000000008d500000, 0x000000008d500000, 0x000000008d600000|  0%| F|  |TAMS 0x000000008d500000, 0x000000008d500000| Untracked 
|  42|0x000000008d600000, 0x000000008d600000, 0x000000008d700000|  0%| F|  |TAMS 0x000000008d600000, 0x000000008d600000| Untracked 
|  43|0x000000008d700000, 0x000000008d700000, 0x000000008d800000|  0%| F|  |TAMS 0x000000008d700000, 0x000000008d700000| Untracked 
|  44|0x000000008d800000, 0x000000008d800000, 0x000000008d900000|  0%| F|  |TAMS 0x000000008d800000, 0x000000008d800000| Untracked 
|  45|0x000000008d900000, 0x000000008d900000, 0x000000008da00000|  0%| F|  |TAMS 0x000000008d900000, 0x000000008d900000| Untracked 
|  46|0x000000008da00000, 0x000000008da00000, 0x000000008db00000|  0%| F|  |TAMS 0x000000008da00000, 0x000000008da00000| Untracked 
|  47|0x000000008db00000, 0x000000008db00000, 0x000000008dc00000|  0%| F|  |TAMS 0x000000008db00000, 0x000000008db00000| Untracked 
|  48|0x000000008dc00000, 0x000000008dc00000, 0x000000008dd00000|  0%| F|  |TAMS 0x000000008dc00000, 0x000000008dc00000| Untracked 
|  49|0x000000008dd00000, 0x000000008dd00000, 0x000000008de00000|  0%| F|  |TAMS 0x000000008dd00000, 0x000000008dd00000| Untracked 
|  50|0x000000008de00000, 0x000000008de00000, 0x000000008df00000|  0%| F|  |TAMS 0x000000008de00000, 0x000000008de00000| Untracked 
|  51|0x000000008df00000, 0x000000008df00000, 0x000000008e000000|  0%| F|  |TAMS 0x000000008df00000, 0x000000008df00000| Untracked 
|  52|0x000000008e000000, 0x000000008e000000, 0x000000008e100000|  0%| F|  |TAMS 0x000000008e000000, 0x000000008e000000| Untracked 
|  53|0x000000008e100000, 0x000000008e100000, 0x000000008e200000|  0%| F|  |TAMS 0x000000008e100000, 0x000000008e100000| Untracked 
|  54|0x000000008e200000, 0x000000008e200000, 0x000000008e300000|  0%| F|  |TAMS 0x000000008e200000, 0x000000008e200000| Untracked 
|  55|0x000000008e300000, 0x000000008e300000, 0x000000008e400000|  0%| F|  |TAMS 0x000000008e300000, 0x000000008e300000| Untracked 
|  56|0x000000008e400000, 0x000000008e400000, 0x000000008e500000|  0%| F|  |TAMS 0x000000008e400000, 0x000000008e400000| Untracked 
|  57|0x000000008e500000, 0x000000008e500000, 0x000000008e600000|  0%| F|  |TAMS 0x000000008e500000, 0x000000008e500000| Untracked 
|  58|0x000000008e600000, 0x000000008e600000, 0x000000008e700000|  0%| F|  |TAMS 0x000000008e600000, 0x000000008e600000| Untracked 
|  59|0x000000008e700000, 0x000000008e700000, 0x000000008e800000|  0%| F|  |TAMS 0x000000008e700000, 0x000000008e700000| Untracked 
|  60|0x000000008e800000, 0x000000008e800000, 0x000000008e900000|  0%| F|  |TAMS 0x000000008e800000, 0x000000008e800000| Untracked 
|  61|0x000000008e900000, 0x000000008e900000, 0x000000008ea00000|  0%| F|  |TAMS 0x000000008e900000, 0x000000008e900000| Untracked 
|  62|0x000000008ea00000, 0x000000008ea00000, 0x000000008eb00000|  0%| F|  |TAMS 0x000000008ea00000, 0x000000008ea00000| Untracked 
|  63|0x000000008eb00000, 0x000000008eb00000, 0x000000008ec00000|  0%| F|  |TAMS 0x000000008eb00000, 0x000000008eb00000| Untracked 
|  64|0x000000008ec00000, 0x000000008ec00000, 0x000000008ed00000|  0%| F|  |TAMS 0x000000008ec00000, 0x000000008ec00000| Untracked 
|  65|0x000000008ed00000, 0x000000008ed00000, 0x000000008ee00000|  0%| F|  |TAMS 0x000000008ed00000, 0x000000008ed00000| Untracked 
|  66|0x000000008ee00000, 0x000000008ee00000, 0x000000008ef00000|  0%| F|  |TAMS 0x000000008ee00000, 0x000000008ee00000| Untracked 
|  67|0x000000008ef00000, 0x000000008ef00000, 0x000000008f000000|  0%| F|  |TAMS 0x000000008ef00000, 0x000000008ef00000| Untracked 
|  68|0x000000008f000000, 0x000000008f000000, 0x000000008f100000|  0%| F|  |TAMS 0x000000008f000000, 0x000000008f000000| Untracked 
|  69|0x000000008f100000, 0x000000008f100000, 0x000000008f200000|  0%| F|  |TAMS 0x000000008f100000, 0x000000008f100000| Untracked 
|  70|0x000000008f200000, 0x000000008f200000, 0x000000008f300000|  0%| F|  |TAMS 0x000000008f200000, 0x000000008f200000| Untracked 
|  71|0x000000008f300000, 0x000000008f300000, 0x000000008f400000|  0%| F|  |TAMS 0x000000008f300000, 0x000000008f300000| Untracked 
|  72|0x000000008f400000, 0x000000008f400000, 0x000000008f500000|  0%| F|  |TAMS 0x000000008f400000, 0x000000008f400000| Untracked 
|  73|0x000000008f500000, 0x000000008f500000, 0x000000008f600000|  0%| F|  |TAMS 0x000000008f500000, 0x000000008f500000| Untracked 
|  74|0x000000008f600000, 0x000000008f600000, 0x000000008f700000|  0%| F|  |TAMS 0x000000008f600000, 0x000000008f600000| Untracked 
|  75|0x000000008f700000, 0x000000008f700000, 0x000000008f800000|  0%| F|  |TAMS 0x000000008f700000, 0x000000008f700000| Untracked 
|  76|0x000000008f800000, 0x000000008f800000, 0x000000008f900000|  0%| F|  |TAMS 0x000000008f800000, 0x000000008f800000| Untracked 
|  77|0x000000008f900000, 0x000000008f900000, 0x000000008fa00000|  0%| F|  |TAMS 0x000000008f900000, 0x000000008f900000| Untracked 
|  78|0x000000008fa00000, 0x000000008fa00000, 0x000000008fb00000|  0%| F|  |TAMS 0x000000008fa00000, 0x000000008fa00000| Untracked 
|  79|0x000000008fb00000, 0x000000008fb00000, 0x000000008fc00000|  0%| F|  |TAMS 0x000000008fb00000, 0x000000008fb00000| Untracked 
|  80|0x000000008fc00000, 0x000000008fc00000, 0x000000008fd00000|  0%| F|  |TAMS 0x000000008fc00000, 0x000000008fc00000| Untracked 
|  81|0x000000008fd00000, 0x000000008fd00000, 0x000000008fe00000|  0%| F|  |TAMS 0x000000008fd00000, 0x000000008fd00000| Untracked 
|  82|0x000000008fe00000, 0x000000008fe00000, 0x000000008ff00000|  0%| F|  |TAMS 0x000000008fe00000, 0x000000008fe00000| Untracked 
|  83|0x000000008ff00000, 0x000000008ff00000, 0x0000000090000000|  0%| F|  |TAMS 0x000000008ff00000, 0x000000008ff00000| Untracked 
|  84|0x0000000090000000, 0x0000000090000000, 0x0000000090100000|  0%| F|  |TAMS 0x0000000090000000, 0x0000000090000000| Untracked 
|  85|0x0000000090100000, 0x0000000090100000, 0x0000000090200000|  0%| F|  |TAMS 0x0000000090100000, 0x0000000090100000| Untracked 
|  86|0x0000000090200000, 0x0000000090200000, 0x0000000090300000|  0%| F|  |TAMS 0x0000000090200000, 0x0000000090200000| Untracked 
|  87|0x0000000090300000, 0x0000000090300000, 0x0000000090400000|  0%| F|  |TAMS 0x0000000090300000, 0x0000000090300000| Untracked 
|  88|0x0000000090400000, 0x0000000090400000, 0x0000000090500000|  0%| F|  |TAMS 0x0000000090400000, 0x0000000090400000| Untracked 
|  89|0x0000000090500000, 0x0000000090500000, 0x0000000090600000|  0%| F|  |TAMS 0x0000000090500000, 0x0000000090500000| Untracked 
|  90|0x0000000090600000, 0x0000000090600000, 0x0000000090700000|  0%| F|  |TAMS 0x0000000090600000, 0x0000000090600000| Untracked 
|  91|0x0000000090700000, 0x0000000090700000, 0x0000000090800000|  0%| F|  |TAMS 0x0000000090700000, 0x0000000090700000| Untracked 
|  92|0x0000000090800000, 0x0000000090800000, 0x0000000090900000|  0%| F|  |TAMS 0x0000000090800000, 0x0000000090800000| Untracked 
|  93|0x0000000090900000, 0x0000000090900000, 0x0000000090a00000|  0%| F|  |TAMS 0x0000000090900000, 0x0000000090900000| Untracked 
|  94|0x0000000090a00000, 0x0000000090a00000, 0x0000000090b00000|  0%| F|  |TAMS 0x0000000090a00000, 0x0000000090a00000| Untracked 
|  95|0x0000000090b00000, 0x0000000090b00000, 0x0000000090c00000|  0%| F|  |TAMS 0x0000000090b00000, 0x0000000090b00000| Untracked 
|  96|0x0000000090c00000, 0x0000000090c00000, 0x0000000090d00000|  0%| F|  |TAMS 0x0000000090c00000, 0x0000000090c00000| Untracked 
|  97|0x0000000090d00000, 0x0000000090d00000, 0x0000000090e00000|  0%| F|  |TAMS 0x0000000090d00000, 0x0000000090d00000| Untracked 
|  98|0x0000000090e00000, 0x0000000090e00000, 0x0000000090f00000|  0%| F|  |TAMS 0x0000000090e00000, 0x0000000090e00000| Untracked 
|  99|0x0000000090f00000, 0x0000000090f00000, 0x0000000091000000|  0%| F|  |TAMS 0x0000000090f00000, 0x0000000090f00000| Untracked 
| 100|0x0000000091000000, 0x0000000091000000, 0x0000000091100000|  0%| F|  |TAMS 0x0000000091000000, 0x0000000091000000| Untracked 
| 101|0x0000000091100000, 0x0000000091100000, 0x0000000091200000|  0%| F|  |TAMS 0x0000000091100000, 0x0000000091100000| Untracked 
| 102|0x0000000091200000, 0x0000000091200000, 0x0000000091300000|  0%| F|  |TAMS 0x0000000091200000, 0x0000000091200000| Untracked 
| 103|0x0000000091300000, 0x0000000091300000, 0x0000000091400000|  0%| F|  |TAMS 0x0000000091300000, 0x0000000091300000| Untracked 
| 104|0x0000000091400000, 0x0000000091400000, 0x0000000091500000|  0%| F|  |TAMS 0x0000000091400000, 0x0000000091400000| Untracked 
| 105|0x0000000091500000, 0x0000000091500000, 0x0000000091600000|  0%| F|  |TAMS 0x0000000091500000, 0x0000000091500000| Untracked 
| 106|0x0000000091600000, 0x0000000091700000, 0x0000000091700000|100%| E|  |TAMS 0x0000000091600000, 0x0000000091600000| Complete 
| 107|0x0000000091700000, 0x0000000091800000, 0x0000000091800000|100%| E|CS|TAMS 0x0000000091700000, 0x0000000091700000| Complete 
| 108|0x0000000091800000, 0x0000000091900000, 0x0000000091900000|100%| E|CS|TAMS 0x0000000091800000, 0x0000000091800000| Complete 
| 109|0x0000000091900000, 0x0000000091a00000, 0x0000000091a00000|100%| E|CS|TAMS 0x0000000091900000, 0x0000000091900000| Complete 
| 110|0x0000000091a00000, 0x0000000091b00000, 0x0000000091b00000|100%| E|CS|TAMS 0x0000000091a00000, 0x0000000091a00000| Complete 
| 111|0x0000000091b00000, 0x0000000091c00000, 0x0000000091c00000|100%| E|CS|TAMS 0x0000000091b00000, 0x0000000091b00000| Complete 
| 112|0x0000000091c00000, 0x0000000091d00000, 0x0000000091d00000|100%| E|CS|TAMS 0x0000000091c00000, 0x0000000091c00000| Complete 
| 113|0x0000000091d00000, 0x0000000091e00000, 0x0000000091e00000|100%| E|CS|TAMS 0x0000000091d00000, 0x0000000091d00000| Complete 
| 114|0x0000000091e00000, 0x0000000091f00000, 0x0000000091f00000|100%| E|CS|TAMS 0x0000000091e00000, 0x0000000091e00000| Complete 
| 115|0x0000000091f00000, 0x0000000092000000, 0x0000000092000000|100%| E|CS|TAMS 0x0000000091f00000, 0x0000000091f00000| Complete 
| 116|0x0000000092000000, 0x0000000092100000, 0x0000000092100000|100%| E|CS|TAMS 0x0000000092000000, 0x0000000092000000| Complete 
| 117|0x0000000092100000, 0x0000000092200000, 0x0000000092200000|100%| E|CS|TAMS 0x0000000092100000, 0x0000000092100000| Complete 

Card table byte_map: [0x0000019223c00000,0x0000019223fb0000] _byte_map_base: 0x00000192237aa000

Marking Bits (Prev, Next): (CMBitMap*) 0x000001920ca96990, (CMBitMap*) 0x000001920ca969d0
 Prev Bits: [0x0000019224360000, 0x00000192260b0000)
 Next Bits: [0x00000192260b0000, 0x0000019227e00000)

Polling page: 0x000001920a9b0000

Metaspace:

Usage:
  Non-class:      6.36 MB used.
      Class:    840.32 KB used.
       Both:      7.18 MB used.

Virtual space:
  Non-class space:       64.00 MB reserved,       6.50 MB ( 10%) committed,  1 nodes.
      Class space:        1.00 GB reserved,     960.00 KB ( <1%) committed,  1 nodes.
             Both:        1.06 GB reserved,       7.44 MB ( <1%) committed. 

Chunk freelists:
   Non-Class:  8.99 MB
       Class:  15.11 MB
        Both:  24.10 MB

MaxMetaspaceSize: unlimited
CompressedClassSpaceSize: 1.00 GB
Initial GC threshold: 21.00 MB
Current GC threshold: 21.00 MB
CDS: on
MetaspaceReclaimPolicy: balanced
 - commit_granule_bytes: 65536.
 - commit_granule_words: 8192.
 - virtual_space_node_default_size: 8388608.
 - enlarge_chunks_in_place: 1.
 - new_chunks_are_fully_committed: 0.
 - uncommit_free_chunks: 1.
 - use_allocation_guard: 0.
 - handle_deallocations: 1.


Internal statistics:

num_allocs_failed_limit: 0.
num_arena_births: 118.
num_arena_deaths: 0.
num_vsnodes_births: 2.
num_vsnodes_deaths: 0.
num_space_committed: 119.
num_space_uncommitted: 0.
num_chunks_returned_to_freelist: 0.
num_chunks_taken_from_freelist: 165.
num_chunk_merges: 0.
num_chunk_splits: 90.
num_chunks_enlarged: 27.
num_inconsistent_stats: 0.

CodeHeap 'non-profiled nmethods': size=120000Kb used=254Kb max_used=254Kb free=119745Kb
 bounds [0x000001921bdd0000, 0x000001921c040000, 0x0000019223300000]
CodeHeap 'profiled nmethods': size=120000Kb used=1285Kb max_used=1285Kb free=118714Kb
 bounds [0x0000019214300000, 0x0000019214570000, 0x000001921b830000]
CodeHeap 'non-nmethods': size=5760Kb used=1265Kb max_used=1274Kb free=4494Kb
 bounds [0x000001921b830000, 0x000001921baa0000, 0x000001921bdd0000]
 total_blobs=1410 nmethods=824 adapters=499
 compilation: enabled
              stopped_count=0, restarted_count=0
 full_count=0

Compilation events (20 events):
Event: 0.750 Thread 0x000001922aa221b0 nmethod 814 0x000001921443d310 code [0x000001921443d4c0, 0x000001921443d648]
Event: 0.751 Thread 0x000001922aa221b0  815   !   3       jdk.internal.logger.LazyLoggers$LazyLoggerAccessor::platform (107 bytes)
Event: 0.751 Thread 0x000001922aa221b0 nmethod 815 0x000001921443d790 code [0x000001921443d9e0, 0x000001921443e6c8]
Event: 0.751 Thread 0x000001922aa221b0  816       3       jdk.internal.logger.SimpleConsoleLogger::isLoggable (29 bytes)
Event: 0.751 Thread 0x0000019272de76c0 nmethod 811 0x000001921be0ea10 code [0x000001921be0eba0, 0x000001921be0ed68]
Event: 0.752 Thread 0x000001922aa221b0 nmethod 816 0x000001921443ea10 code [0x000001921443ebc0, 0x000001921443ef08]
Event: 0.752 Thread 0x000001922aa221b0  817       3       jdk.internal.logger.SimpleConsoleLogger::effectiveLevel (17 bytes)
Event: 0.752 Thread 0x000001922aa221b0 nmethod 817 0x000001921443f010 code [0x000001921443f1c0, 0x000001921443f3e8]
Event: 0.773 Thread 0x000001922aa221b0  818       3       java.awt.Component::getContainer (5 bytes)
Event: 0.773 Thread 0x000001922aa221b0 nmethod 818 0x000001921443f490 code [0x000001921443f620, 0x000001921443f738]
Event: 0.775 Thread 0x000001922aa221b0  819       3       java.util.ArrayList::get (15 bytes)
Event: 0.775 Thread 0x000001922aa221b0 nmethod 819 0x000001921443f810 code [0x000001921443f9e0, 0x000001921443fd08]
Event: 0.775 Thread 0x000001922aa221b0  820       3       java.util.Objects::checkIndex (7 bytes)
Event: 0.776 Thread 0x000001922aa221b0 nmethod 820 0x000001921443fe90 code [0x0000019214440040, 0x0000019214440248]
Event: 0.777 Thread 0x000001922aa221b0  822       3       java.awt.Component::checkTreeLock (21 bytes)
Event: 0.777 Thread 0x000001922aa221b0 nmethod 822 0x0000019214440390 code [0x0000019214440560, 0x00000192144407f8]
Event: 0.777 Thread 0x000001922aa221b0  824       3       java.util.ArrayList$Itr::next (66 bytes)
Event: 0.778 Thread 0x000001922aa221b0 nmethod 824 0x0000019214440910 code [0x0000019214440b00, 0x0000019214440ec8]
Event: 0.778 Thread 0x000001922aa221b0  825       3       java.util.ArrayList$Itr::checkForComodification (23 bytes)
Event: 0.778 Thread 0x000001922aa221b0 nmethod 825 0x0000019214441090 code [0x0000019214441240, 0x0000019214441408]

GC Heap History (0 events):
No events

Deoptimization events (20 events):
Event: 0.648 Thread 0x000001920ca3fc70 Uncommon trap: trap_request=0xffffffde fr.pc=0x000001921bdfb060 relative=0x00000000000003a0
Event: 0.648 Thread 0x000001920ca3fc70 Uncommon trap: reason=class_check action=maybe_recompile pc=0x000001921bdfb060 method=java.util.HashMap.getNode(Ljava/lang/Object;)Ljava/util/HashMap$Node; @ 63 c2
Event: 0.648 Thread 0x000001920ca3fc70 DEOPT PACKING pc=0x000001921bdfb060 sp=0x00000070749fe7e0
Event: 0.649 Thread 0x000001920ca3fc70 DEOPT UNPACKING pc=0x000001921b8823a3 sp=0x00000070749fe758 mode 2
Event: 0.649 Thread 0x000001920ca3fc70 Uncommon trap: trap_request=0xffffffde fr.pc=0x000001921bdfb0a0 relative=0x00000000000003e0
Event: 0.649 Thread 0x000001920ca3fc70 Uncommon trap: reason=class_check action=maybe_recompile pc=0x000001921bdfb0a0 method=java.util.HashMap.getNode(Ljava/lang/Object;)Ljava/util/HashMap$Node; @ 128 c2
Event: 0.649 Thread 0x000001920ca3fc70 DEOPT PACKING pc=0x000001921bdfb0a0 sp=0x00000070749fe7e0
Event: 0.649 Thread 0x000001920ca3fc70 DEOPT UNPACKING pc=0x000001921b8823a3 sp=0x00000070749fe758 mode 2
Event: 0.649 Thread 0x000001920ca3fc70 Uncommon trap: trap_request=0xffffffde fr.pc=0x000001921bdfb060 relative=0x00000000000003a0
Event: 0.649 Thread 0x000001920ca3fc70 Uncommon trap: reason=class_check action=maybe_recompile pc=0x000001921bdfb060 method=java.util.HashMap.getNode(Ljava/lang/Object;)Ljava/util/HashMap$Node; @ 63 c2
Event: 0.649 Thread 0x000001920ca3fc70 DEOPT PACKING pc=0x000001921bdfb060 sp=0x00000070749fe7e0
Event: 0.649 Thread 0x000001920ca3fc70 DEOPT UNPACKING pc=0x000001921b8823a3 sp=0x00000070749fe758 mode 2
Event: 0.649 Thread 0x000001920ca3fc70 Uncommon trap: trap_request=0xffffffde fr.pc=0x000001921bdfb060 relative=0x00000000000003a0
Event: 0.649 Thread 0x000001920ca3fc70 Uncommon trap: reason=class_check action=maybe_recompile pc=0x000001921bdfb060 method=java.util.HashMap.getNode(Ljava/lang/Object;)Ljava/util/HashMap$Node; @ 63 c2
Event: 0.649 Thread 0x000001920ca3fc70 DEOPT PACKING pc=0x000001921bdfb060 sp=0x00000070749fe7b0
Event: 0.649 Thread 0x000001920ca3fc70 DEOPT UNPACKING pc=0x000001921b8823a3 sp=0x00000070749fe728 mode 2
Event: 0.724 Thread 0x000001920ca3fc70 Uncommon trap: trap_request=0xffffff45 fr.pc=0x000001921bdf9ac0 relative=0x0000000000000340
Event: 0.724 Thread 0x000001920ca3fc70 Uncommon trap: reason=unstable_if action=reinterpret pc=0x000001921bdf9ac0 method=java.lang.StringUTF16.compress([CI[BII)I @ 20 c2
Event: 0.724 Thread 0x000001920ca3fc70 DEOPT PACKING pc=0x000001921bdf9ac0 sp=0x00000070749fcd30
Event: 0.724 Thread 0x000001920ca3fc70 DEOPT UNPACKING pc=0x000001921b8823a3 sp=0x00000070749fccb0 mode 2

Classes unloaded (0 events):
No events

Classes redefined (0 events):
No events

Internal exceptions (17 events):
Event: 0.101 Thread 0x000001920ca3fc70 Exception <a 'sun/nio/fs/WindowsException'{0x000000009203f9f8}> (0x000000009203f9f8) 
thrown [s\open\src\hotspot\share\prims\jni.cpp, line 516]
Event: 0.101 Thread 0x000001920ca3fc70 Exception <a 'sun/nio/fs/WindowsException'{0x000000009203ff98}> (0x000000009203ff98) 
thrown [s\open\src\hotspot\share\prims\jni.cpp, line 516]
Event: 0.103 Thread 0x000001920ca3fc70 Exception <a 'sun/nio/fs/WindowsException'{0x00000000920424e8}> (0x00000000920424e8) 
thrown [s\open\src\hotspot\share\prims\jni.cpp, line 516]
Event: 0.103 Thread 0x000001920ca3fc70 Exception <a 'sun/nio/fs/WindowsException'{0x0000000092043040}> (0x0000000092043040) 
thrown [s\open\src\hotspot\share\prims\jni.cpp, line 516]
Event: 0.145 Thread 0x000001920ca3fc70 Exception <a 'java/lang/ClassNotFoundException'{0x00000000920e4788}: sun/awt/resources/spi/awtProvider> (0x00000000920e4788) 
thrown [s\open\src\hotspot\share\classfile\systemDictionary.cpp, line 256]
Event: 0.170 Thread 0x000001920ca3fc70 Exception <a 'java/io/FileNotFoundException'{0x0000000091f377f8}> (0x0000000091f377f8) 
thrown [s\open\src\hotspot\share\prims\jni.cpp, line 516]
Event: 0.178 Thread 0x000001920ca3fc70 Exception <a 'java/io/FileNotFoundException'{0x0000000091f64720}> (0x0000000091f64720) 
thrown [s\open\src\hotspot\share\prims\jni.cpp, line 516]
Event: 0.224 Thread 0x000001920ca3fc70 Exception <a 'java/lang/NoSuchMethodError'{0x0000000091fa8b70}: 'java.lang.Object java.lang.invoke.DirectMethodHandle$Holder.invokeStaticInit(java.lang.Object)'> (0x0000000091fa8b70) 
thrown [s\open\src\hotspot\share\interpreter\linkResolver.cpp, line 759]
Event: 0.335 Thread 0x000001920ca3fc70 Exception <a 'java/lang/NoSuchMethodError'{0x0000000091e09e30}: 'void java.lang.invoke.DirectMethodHandle$Holder.invokeSpecial(java.lang.Object, java.lang.Object, java.lang.Object)'> (0x0000000091e09e30) 
thrown [s\open\src\hotspot\share\interpreter\linkResolver.cpp, line 759]
Event: 0.344 Thread 0x000001920ca3fc70 Exception <a 'java/lang/NoSuchMethodError'{0x0000000091e33fd0}: 'java.lang.Object java.lang.invoke.DirectMethodHandle$Holder.newInvokeSpecial(java.lang.Object, java.lang.Object, java.lang.Object, java.lang.Object, java.lang.Object)'> (0x0000000091e33fd0) 
thrown [s\open\src\hotspot\share\interpreter\linkResolver.cpp, line 759]
Event: 0.347 Thread 0x000001920ca3fc70 Exception <a 'java/lang/NoSuchMethodError'{0x0000000091e3f998}: 'java.lang.Object java.lang.invoke.DirectMethodHandle$Holder.invokeStatic(java.lang.Object, int, java.lang.Object, java.lang.Object, java.lang.Object, java.lang.Object)'> (0x0000000091e3f998) 
thrown [s\open\src\hotspot\share\interpreter\linkResolver.cpp, line 759]
Event: 0.353 Thread 0x000001920ca3fc70 Exception <a 'java/lang/NoSuchMethodError'{0x0000000091e65158}: 'java.lang.Object java.lang.invoke.DirectMethodHandle$Holder.invokeStatic(java.lang.Object, int, java.lang.Object)'> (0x0000000091e65158) 
thrown [s\open\src\hotspot\share\interpreter\linkResolver.cpp, line 759]
Event: 0.388 Thread 0x000001920ca3fc70 Exception <a 'java/lang/ClassNotFoundException'{0x0000000091d1d770}: com/sun/swing/internal/plaf/metal/resources/spi/metalProvider> (0x0000000091d1d770) 
thrown [s\open\src\hotspot\share\classfile\systemDictionary.cpp, line 256]
Event: 0.390 Thread 0x000001920ca3fc70 Exception <a 'java/lang/ClassNotFoundException'{0x0000000091d215c8}: com/sun/swing/internal/plaf/basic/resources/spi/basicProvider> (0x0000000091d215c8) 
thrown [s\open\src\hotspot\share\classfile\systemDictionary.cpp, line 256]
Event: 0.469 Thread 0x000001927295b010 Exception <a 'java/lang/NoSuchMethodError'{0x0000000091cf86f0}: 'java.lang.Object java.lang.invoke.DirectMethodHandle$Holder.newInvokeSpecial(java.lang.Object, java.lang.Object, java.lang.Object, int, int, int, int, int)'> (0x0000000091cf86f0) 
thrown [s\open\src\hotspot\share\interpreter\linkResolver.cpp, line 759]
Event: 0.666 Thread 0x000001922ae52740 Exception <a 'java/lang/NoSuchMethodError'{0x0000000091ffbb28}: 'void java.lang.invoke.DirectMethodHandle$Holder.invokeVirtual(java.lang.Object, java.lang.Object)'> (0x0000000091ffbb28) 
thrown [s\open\src\hotspot\share\interpreter\linkResolver.cpp, line 759]
Event: 0.704 Thread 0x000001920ca3fc70 Exception <a 'java/lang/NoSuchMethodError'{0x000000009168fc18}: 'void java.lang.invoke.DirectMethodHandle$Holder.invokeStaticInit(java.lang.Object)'> (0x000000009168fc18) 
thrown [s\open\src\hotspot\share\interpreter\linkResolver.cpp, line 759]

VM Operations (6 events):
Event: 0.105 Executing VM operation: HandshakeAllThreads
Event: 0.105 Executing VM operation: HandshakeAllThreads done
Event: 0.643 Executing VM operation: HandshakeAllThreads
Event: 0.643 Executing VM operation: HandshakeAllThreads done
Event: 0.733 Executing VM operation: HandshakeAllThreads
Event: 0.733 Executing VM operation: HandshakeAllThreads done

Events (20 events):
Event: 0.809 loading class sun/awt/GlobalCursorManager done
Event: 0.809 loading class sun/awt/windows/WGlobalCursorManager done
Event: 0.809 loading class sun/awt/GlobalCursorManager$NativeUpdater
Event: 0.809 loading class sun/awt/GlobalCursorManager$NativeUpdater done
Event: 0.812 loading class java/awt/Cursor$CursorDisposer
Event: 0.812 loading class java/awt/Cursor$CursorDisposer done
Event: 0.874 Thread 0x000001920ca3fc70 Thread exited: 0x000001920ca3fc70
Event: 0.874 Thread 0x0000019275f70a80 Thread added: 0x0000019275f70a80
Event: 0.874 loading class sun/awt/WeakIdentityHashMap$WeakKey
Event: 0.874 loading class sun/awt/WeakIdentityHashMap$WeakKey done
Event: 0.876 loading class java/awt/event/MouseEvent$1
Event: 0.876 loading class sun/awt/AWTAccessor$MouseEventAccessor
Event: 0.876 loading class sun/awt/AWTAccessor$MouseEventAccessor done
Event: 0.876 loading class java/awt/event/MouseEvent$1 done
Event: 0.877 loading class javax/swing/RepaintManager$4
Event: 0.878 loading class javax/swing/RepaintManager$4 done
Event: 0.878 loading class sun/java2d/d3d/D3DSurfaceData$1Status
Event: 0.878 loading class sun/java2d/d3d/D3DSurfaceData$1Status done
Event: 0.878 loading class sun/java2d/d3d/D3DSurfaceData$1
Event: 0.878 loading class sun/java2d/d3d/D3DSurfaceData$1 done


Dynamic libraries:
0x00007ff7c2e70000 - 0x00007ff7c2e80000 	C:\Program Files\Java\jdk-17\bin\java.exe
0x00007ff959ff0000 - 0x00007ff95a207000 	C:\WINDOWS\SYSTEM32\ntdll.dll
0x00007ff958990000 - 0x00007ff958a54000 	C:\WINDOWS\System32\KERNEL32.DLL
0x00007ff9576e0000 - 0x00007ff957a87000 	C:\WINDOWS\System32\KERNELBASE.dll
0x00007ff957430000 - 0x00007ff957541000 	C:\WINDOWS\System32\ucrtbase.dll
0x00007ff900c70000 - 0x00007ff900c8b000 	C:\Program Files\Java\jdk-17\bin\VCRUNTIME140.dll
0x00007ff9526c0000 - 0x00007ff9526d9000 	C:\Program Files\Java\jdk-17\bin\jli.dll
0x00007ff9596c0000 - 0x00007ff959772000 	C:\WINDOWS\System32\ADVAPI32.dll
0x00007ff958dd0000 - 0x00007ff958e77000 	C:\WINDOWS\System32\msvcrt.dll
0x00007ff958fe0000 - 0x00007ff959088000 	C:\WINDOWS\System32\sechost.dll
0x00007ff9573d0000 - 0x00007ff9573f8000 	C:\WINDOWS\System32\bcrypt.dll
0x00007ff958cb0000 - 0x00007ff958dc5000 	C:\WINDOWS\System32\RPCRT4.dll
0x00007ff957dd0000 - 0x00007ff957f7e000 	C:\WINDOWS\System32\USER32.dll
0x00007ff957400000 - 0x00007ff957426000 	C:\WINDOWS\System32\win32u.dll
0x00007ff93c2c0000 - 0x00007ff93c553000 	C:\WINDOWS\WinSxS\amd64_microsoft.windows.common-controls_6595b64144ccf1df_6.0.22621.3527_none_270e469b73872a76\COMCTL32.dll
0x00007ff9598a0000 - 0x00007ff9598c9000 	C:\WINDOWS\System32\GDI32.dll
0x00007ff957550000 - 0x00007ff957669000 	C:\WINDOWS\System32\gdi32full.dll
0x00007ff957c80000 - 0x00007ff957d1a000 	C:\WINDOWS\System32\msvcp_win.dll
0x00007ff94f300000 - 0x00007ff94f30a000 	C:\WINDOWS\SYSTEM32\VERSION.dll
0x00007ff957d30000 - 0x00007ff957d61000 	C:\WINDOWS\System32\IMM32.DLL
0x00007ff900c60000 - 0x00007ff900c6c000 	C:\Program Files\Java\jdk-17\bin\vcruntime140_1.dll
0x00007ff91d520000 - 0x00007ff91d5ae000 	C:\Program Files\Java\jdk-17\bin\msvcp140.dll
0x00007ff900ca0000 - 0x00007ff901880000 	C:\Program Files\Java\jdk-17\bin\server\jvm.dll
0x00007ff959780000 - 0x00007ff959788000 	C:\WINDOWS\System32\PSAPI.DLL
0x00007ff94f900000 - 0x00007ff94f934000 	C:\WINDOWS\SYSTEM32\WINMM.dll
0x00007ff900c90000 - 0x00007ff900c99000 	C:\WINDOWS\SYSTEM32\WSOCK32.dll
0x00007ff959790000 - 0x00007ff959801000 	C:\WINDOWS\System32\WS2_32.dll
0x00007ff956310000 - 0x00007ff956328000 	C:\WINDOWS\SYSTEM32\kernel.appcore.dll
0x00007ff900ad0000 - 0x00007ff900ada000 	C:\Program Files\Java\jdk-17\bin\jimage.dll
0x00007ff94ae20000 - 0x00007ff94b052000 	C:\WINDOWS\SYSTEM32\DBGHELP.DLL
0x00007ff959330000 - 0x00007ff9596b8000 	C:\WINDOWS\System32\combase.dll
0x00007ff9590a0000 - 0x00007ff959177000 	C:\WINDOWS\System32\OLEAUT32.dll
0x00007ff93cb00000 - 0x00007ff93cb32000 	C:\WINDOWS\SYSTEM32\dbgcore.DLL
0x00007ff957c00000 - 0x00007ff957c79000 	C:\WINDOWS\System32\bcryptPrimitives.dll
0x00007ff900bf0000 - 0x00007ff900c15000 	C:\Program Files\Java\jdk-17\bin\java.dll
0x00007ff91d7f0000 - 0x00007ff91d8c7000 	C:\Program Files\Java\jdk-17\bin\jsvml.dll
0x00007ff958130000 - 0x00007ff95898c000 	C:\WINDOWS\System32\SHELL32.dll
0x00007ff955200000 - 0x00007ff955af6000 	C:\WINDOWS\SYSTEM32\windows.storage.dll
0x00007ff9550c0000 - 0x00007ff9551fe000 	C:\WINDOWS\SYSTEM32\wintypes.dll
0x00007ff958e80000 - 0x00007ff958f75000 	C:\WINDOWS\System32\SHCORE.dll
0x00007ff958f80000 - 0x00007ff958fde000 	C:\WINDOWS\System32\shlwapi.dll
0x00007ff957240000 - 0x00007ff957261000 	C:\WINDOWS\SYSTEM32\profapi.dll
0x00007ff940860000 - 0x00007ff940879000 	C:\Program Files\Java\jdk-17\bin\net.dll
0x00007ff951bf0000 - 0x00007ff951d26000 	C:\WINDOWS\SYSTEM32\WINHTTP.dll
0x00007ff9567a0000 - 0x00007ff956809000 	C:\WINDOWS\system32\mswsock.dll
0x00007ff940840000 - 0x00007ff940856000 	C:\Program Files\Java\jdk-17\bin\nio.dll
0x00007ff8ffc70000 - 0x00007ff8ffe01000 	C:\Program Files\Java\jdk-17\bin\awt.dll
0x00007ff954630000 - 0x00007ff9546c7000 	C:\WINDOWS\SYSTEM32\apphelp.dll
0x00007ff954a50000 - 0x00007ff954a7b000 	C:\WINDOWS\system32\DWMAPI.DLL
0x00007ff9547c0000 - 0x00007ff95486b000 	C:\WINDOWS\system32\uxtheme.dll
0x00007ff8ff6b0000 - 0x00007ff8ff7b0000 	C:\WINDOWS\system32\opengl32.dll
0x00007ff8ff680000 - 0x00007ff8ff6ad000 	C:\WINDOWS\SYSTEM32\GLU32.dll
0x00007ff9548e0000 - 0x00007ff954919000 	C:\WINDOWS\SYSTEM32\dxcore.dll
0x00007ff957f80000 - 0x00007ff9580d3000 	C:\WINDOWS\System32\MSCTF.dll
0x00007ff958a80000 - 0x00007ff958c25000 	C:\WINDOWS\System32\ole32.dll
0x00007ff8ed6a0000 - 0x00007ff8ed849000 	C:\WINDOWS\system32\d3d9.dll
0x00007ff94e490000 - 0x00007ff94e64b000 	C:\WINDOWS\System32\DriverStore\FileRepository\u0387389.inf_amd64_995be970e30b8c79\B385477\aticfx64.dll
0x00007ff941660000 - 0x00007ff941694000 	C:\WINDOWS\System32\DriverStore\FileRepository\u0387389.inf_amd64_995be970e30b8c79\B385477\atiu9p64.dll
0x00007ff92a400000 - 0x00007ff92b155000 	C:\WINDOWS\System32\DriverStore\FileRepository\u0387389.inf_amd64_995be970e30b8c79\B385477\atiumd64.dll
0x0000000062cf0000 - 0x0000000063c17000 	C:\WINDOWS\System32\DriverStore\FileRepository\u0387389.inf_amd64_995be970e30b8c79\B385477\atiumd6a.dll
0x00007ff959b30000 - 0x00007ff959fa4000 	C:\WINDOWS\System32\SETUPAPI.dll
0x00007ff956dd0000 - 0x00007ff956e1d000 	C:\WINDOWS\SYSTEM32\POWRPROF.dll
0x00007ff956c70000 - 0x00007ff956c83000 	C:\WINDOWS\SYSTEM32\UMPDC.dll
0x00007ff94bf10000 - 0x00007ff94bf45000 	C:\WINDOWS\SYSTEM32\amdihk64.dll
0x00007ff951d70000 - 0x00007ff951dba000 	C:\WINDOWS\SYSTEM32\directxdatabasehelper.dll
0x00007ff940820000 - 0x00007ff940838000 	C:\Program Files\Java\jdk-17\bin\zip.dll
0x00007ff941390000 - 0x00007ff941417000 	C:\Program Files\Java\jdk-17\bin\freetype.dll
0x00007ff9412a0000 - 0x00007ff941381000 	C:\Program Files\Java\jdk-17\bin\fontmanager.dll
0x00007ff959280000 - 0x00007ff959330000 	C:\WINDOWS\System32\clbcatq.dll
0x00007ff953040000 - 0x00007ff9531f0000 	C:\WINDOWS\SYSTEM32\WindowsCodecs.dll
0x00007ff926b80000 - 0x00007ff926bde000 	C:\WINDOWS\system32\dataexchange.dll
0x00007ff94ee40000 - 0x00007ff94f0cb000 	C:\WINDOWS\system32\twinapi.appcore.dll
0x00007ff940530000 - 0x00007ff94067b000 	C:\WINDOWS\SYSTEM32\textinputframework.dll

dbghelp: loaded successfully - version: 4.0.5 - missing functions: none
symbol engine: initialized successfully - sym options: 0x614 - pdb path: .;C:\Program Files\Java\jdk-17\bin;C:\WINDOWS\SYSTEM32;C:\WINDOWS\WinSxS\amd64_microsoft.windows.common-controls_6595b64144ccf1df_6.0.22621.3527_none_270e469b73872a76;C:\Program Files\Java\jdk-17\bin\server;C:\WINDOWS\System32\DriverStore\FileRepository\u0387389.inf_amd64_995be970e30b8c79\B385477

VM Arguments:
jvm_args: -Dfile.encoding=UTF-8 --module-path=C:\Users\91880\OneDrive\Documents\NetBeansProjects\Chatting Application\build\classes 
java_command: chatting.application.Server
java_class_path (initial): C:\Users\91880\OneDrive\Documents\NetBeansProjects\Chatting Application\build\classes
Launcher Type: SUN_STANDARD

[Global flags]
     intx CICompilerCount                          = 4                                         {product} {ergonomic}
     uint ConcGCThreads                            = 3                                         {product} {ergonomic}
     uint G1ConcRefinementThreads                  = 10                                        {product} {ergonomic}
   size_t G1HeapRegionSize                         = 1048576                                   {product} {ergonomic}
    uintx GCDrainStackTargetSize                   = 64                                        {product} {ergonomic}
   size_t InitialHeapSize                          = 123731968                                 {product} {ergonomic}
   size_t MarkStackSize                            = 4194304                                   {product} {ergonomic}
   size_t MaxHeapSize                              = 1967128576                                {product} {ergonomic}
   size_t MaxNewSize                               = 1179648000                                {product} {ergonomic}
   size_t MinHeapDeltaBytes                        = 1048576                                   {product} {ergonomic}
   size_t MinHeapSize                              = 8388608                                   {product} {ergonomic}
    uintx NonNMethodCodeHeapSize                   = 5839372                                {pd product} {ergonomic}
    uintx NonProfiledCodeHeapSize                  = 122909434                              {pd product} {ergonomic}
    uintx ProfiledCodeHeapSize                     = 122909434                              {pd product} {ergonomic}
    uintx ReservedCodeCacheSize                    = 251658240                              {pd product} {ergonomic}
     bool SegmentedCodeCache                       = true                                      {product} {ergonomic}
   size_t SoftMaxHeapSize                          = 1967128576                             {manageable} {ergonomic}
     bool UseCompressedClassPointers               = true                           {product lp64_product} {ergonomic}
     bool UseCompressedOops                        = true                           {product lp64_product} {ergonomic}
     bool UseG1GC                                  = true                                      {product} {ergonomic}
     bool UseLargePagesIndividualAllocation        = false                                  {pd product} {ergonomic}

Logging:
Log output configuration:
 #0: stdout all=warning uptime,level,tags
 #1: stderr all=off uptime,level,tags

Environment Variables:
PATH=C:\Program Files\Common Files\Oracle\Java\javapath;C:\Program Files (x86)\Common Files\Oracle\Java\javapath;C:\Program Files\Python39\Scripts\;C:\Program Files\Python39\;C:\WINDOWS\system32;C:\WINDOWS;C:\WINDOWS\System32\Wbem;C:\WINDOWS\System32\WindowsPowerShell\v1.0\;C:\WINDOWS\System32\OpenSSH\;C:\Program Files\Microchip\xc8\v2.36\bin;C:\Program Files\Git\cmd;C:\Program Files\MySQL\MySQL Server 8.0\bin;C:\Program Files\HP\HP One Agent;C:\Program Files\Java\jdk-17\bin;C:\Users\91880\AppData\Local\Programs\Python\Launcher\;C:\Program Files\MySQL\MySQL Shell 8.0\bin\;C:\Users\91880\AppData\Local\Microsoft\WindowsApps;C:\Users\91880\AppData\Local\Programs\Microsoft VS Code\bin;C:\MinGW\bin;C:\Program Files\Java\jdk1.8.0_201\bin
USERNAME=91880
OS=Windows_NT
PROCESSOR_IDENTIFIER=AMD64 Family 23 Model 104 Stepping 1, AuthenticAMD



---------------  S Y S T E M  ---------------

OS:
 Windows 11 , 64 bit Build 22621 (10.0.22621.3527)
OS uptime: 0 days 1:23 hours
Hyper-V role detected

CPU: total 12 (initial active 12) (12 cores per cpu, 2 threads per core) family 23 model 104 stepping 1 microcode 0x0, cx8, cmov, fxsr, ht, mmx, 3dnowpref, sse, sse2, sse3, ssse3, sse4a, sse4.1, sse4.2, popcnt, lzcnt, tsc, tscinvbit, avx, avx2, aes, clmul, bmi1, bmi2, adx, sha, fma, vzeroupper, clflush, clflushopt, hv

Memory: 4k page, system-wide physical 7502M (391M free)
TotalPageFile size 30030M (AvailPageFile size 2M)
current process WorkingSet (physical memory assigned to process): 98M, peak: 98M
current process commit charge ("private bytes"): 254M, peak: 256M

vm_info: Java HotSpot(TM) 64-Bit Server VM (17.0.11+7-LTS-207) for windows-amd64 JRE (17.0.11+7-LTS-207), built on Mar 11 2024 19:01:50 by "mach5one" with MS VC++ 17.6 (VS2022)

END.
