#
# There is insufficient memory for the Java Runtime Environment to continue.
# Native memory allocation (malloc) failed to allocate 235856 bytes for Chunk::new
# Possible reasons:
#   The system is out of physical RAM or swap space
#   The process is running with CompressedOops enabled, and the Java Heap may be blocking the growth of the native heap
# Possible solutions:
#   Reduce memory load on the system
#   Increase physical memory or swap space
#   Check if swap backing store is full
#   Decrease Java heap size (-Xmx/-Xms)
#   Decrease number of Java threads
#   Decrease Java thread stack sizes (-Xss)
#   Set larger code cache with -XX:ReservedCodeCacheSize=
#   JVM is running with Unscaled Compressed Oops mode in which the Java heap is
#     placed in the first 4GB address space. The Java Heap base address is the
#     maximum limit for the native heap growth. Please use -XX:HeapBaseMinAddress
#     to set the Java Heap base and to place the Java Heap above 4GB virtual address.
# This output file may be truncated or incomplete.
#
#  Out of Memory Error (arena.cpp:189), pid=27076, tid=27196
#
# JRE version: Java(TM) SE Runtime Environment (17.0.11+7) (build 17.0.11+7-LTS-207)
# Java VM: Java HotSpot(TM) 64-Bit Server VM (17.0.11+7-LTS-207, mixed mode, sharing, tiered, compressed oops, compressed class ptrs, g1 gc, windows-amd64)
# No core dump will be written. Minidumps are not enabled by default on client versions of Windows
#

---------------  S U M M A R Y ------------

Command Line: -Dfile.encoding=UTF-8 --module-path=C:\Users\91880\OneDrive\Documents\NetBeansProjects\Chatting Application\build\classes chatting.application.Server

Host: AMD Ryzen 5 5500U with Radeon Graphics         , 12 cores, 7G,  Windows 11 , 64 bit Build 22621 (10.0.22621.3527)
Time: Sat Jun  8 16:55:00 2024 India Standard Time elapsed time: 0.862752 seconds (0d 0h 0m 0s)

---------------  T H R E A D  ---------------

Current thread (0x00000298dbc5c310):  JavaThread "C2 CompilerThread0" daemon [_thread_in_native, id=27196, stack(0x000000dfd9b00000,0x000000dfd9c00000)]


Current CompileTask:
C2:    862  643 % !   4       sun.awt.image.PNGImageDecoder::produceImage @ 960 (1917 bytes)

Stack: [0x000000dfd9b00000,0x000000dfd9c00000]
Native frames: (J=compiled Java code, j=interpreted, Vv=VM code, C=native code)
V  [jvm.dll+0x679cca]
V  [jvm.dll+0x7da13d]
V  [jvm.dll+0x7dba83]
V  [jvm.dll+0x7dc0f3]
V  [jvm.dll+0x2449af]
V  [jvm.dll+0xab83b]
V  [jvm.dll+0xabe1c]
V  [jvm.dll+0x2a9e6f]
V  [jvm.dll+0x5818d9]
V  [jvm.dll+0x21ed62]
V  [jvm.dll+0x217cf6]
V  [jvm.dll+0x215505]
V  [jvm.dll+0x1a2040]
V  [jvm.dll+0x225a2b]
V  [jvm.dll+0x223bcb]
V  [jvm.dll+0x7903ec]
V  [jvm.dll+0x78a85a]
V  [jvm.dll+0x678bb5]
C  [ucrtbase.dll+0x29333]
C  [KERNEL32.DLL+0x1257d]
C  [ntdll.dll+0x5aa48]


---------------  P R O C E S S  ---------------

Threads class SMR info:
_java_thread_list=0x0000029921a437a0, length=16, elements={
0x00000298bdc6e880, 0x00000298dbc38750, 0x00000298dbc393d0, 0x00000298dbc4c6c0,
0x00000298dbc4dfa0, 0x00000298dbc4e870, 0x00000298dbc50150, 0x00000298dbc5c310,
0x00000298dbc7d0f0, 0x00000298dbc94df0, 0x00000298dbc1f630, 0x000002992110db60,
0x00000299211d3b10, 0x00000299211d4800, 0x00000299212c1df0, 0x0000029921a24980
}

Java Threads: ( => current thread )
  0x00000298bdc6e880 JavaThread "main" [_thread_blocked, id=27140, stack(0x000000dfd8e00000,0x000000dfd8f00000)]
  0x00000298dbc38750 JavaThread "Reference Handler" daemon [_thread_blocked, id=27172, stack(0x000000dfd9500000,0x000000dfd9600000)]
  0x00000298dbc393d0 JavaThread "Finalizer" daemon [_thread_blocked, id=27176, stack(0x000000dfd9600000,0x000000dfd9700000)]
  0x00000298dbc4c6c0 JavaThread "Signal Dispatcher" daemon [_thread_blocked, id=27180, stack(0x000000dfd9700000,0x000000dfd9800000)]
  0x00000298dbc4dfa0 JavaThread "Attach Listener" daemon [_thread_blocked, id=27184, stack(0x000000dfd9800000,0x000000dfd9900000)]
  0x00000298dbc4e870 JavaThread "Service Thread" daemon [_thread_blocked, id=27188, stack(0x000000dfd9900000,0x000000dfd9a00000)]
  0x00000298dbc50150 JavaThread "Monitor Deflation Thread" daemon [_thread_blocked, id=27192, stack(0x000000dfd9a00000,0x000000dfd9b00000)]
=>0x00000298dbc5c310 JavaThread "C2 CompilerThread0" daemon [_thread_in_native, id=27196, stack(0x000000dfd9b00000,0x000000dfd9c00000)]
  0x00000298dbc7d0f0 JavaThread "C1 CompilerThread0" daemon [_thread_blocked, id=27200, stack(0x000000dfd9c00000,0x000000dfd9d00000)]
  0x00000298dbc94df0 JavaThread "Sweeper thread" daemon [_thread_blocked, id=27204, stack(0x000000dfd9d00000,0x000000dfd9e00000)]
  0x00000298dbc1f630 JavaThread "Common-Cleaner" daemon [_thread_blocked, id=27208, stack(0x000000dfd9e00000,0x000000dfd9f00000)]
  0x000002992110db60 JavaThread "Notification Thread" daemon [_thread_blocked, id=27212, stack(0x000000dfd9f00000,0x000000dfda000000)]
  0x00000299211d3b10 JavaThread "Java2D Disposer" daemon [_thread_blocked, id=27220, stack(0x000000dfda100000,0x000000dfda200000)]
  0x00000299211d4800 JavaThread "AWT-Shutdown" [_thread_blocked, id=27224, stack(0x000000dfda200000,0x000000dfda300000)]
  0x00000299212c1df0 JavaThread "AWT-Windows" daemon [_thread_in_native, id=27228, stack(0x000000dfda300000,0x000000dfda400000)]
  0x0000029921a24980 JavaThread "Image Fetcher 0" daemon [_thread_in_Java, id=27280, stack(0x000000dfdad00000,0x000000dfdae00000)]

Other Threads:
  0x00000298dbc31e20 VMThread "VM Thread" [stack: 0x000000dfd9400000,0x000000dfd9500000] [id=27168]
  0x00000298bdcde010 WatcherThread [stack: 0x000000dfda000000,0x000000dfda100000] [id=27216]
  0x00000298bdcc6700 GCTaskThread "GC Thread#0" [stack: 0x000000dfd8f00000,0x000000dfd9000000] [id=27144]
  0x00000298bdcd5fd0 ConcurrentGCThread "G1 Main Marker" [stack: 0x000000dfd9000000,0x000000dfd9100000] [id=27148]
  0x00000298bdcd68e0 ConcurrentGCThread "G1 Conc#0" [stack: 0x000000dfd9100000,0x000000dfd9200000] [id=27152]
  0x00000298dbaf20b0 ConcurrentGCThread "G1 Refine#0" [stack: 0x000000dfd9200000,0x000000dfd9300000] [id=27156]
  0x00000298dbaf29e0 ConcurrentGCThread "G1 Service" [stack: 0x000000dfd9300000,0x000000dfd9400000] [id=27160]

Threads with active compile tasks:
C2 CompilerThread0      905  643 % !   4       sun.awt.image.PNGImageDecoder::produceImage @ 960 (1917 bytes)

VM state: not at safepoint (normal execution)

VM Mutex/Monitor currently owned by a thread: None

Heap address: 0x000000008ac00000, size: 1876 MB, Compressed Oops mode: 32-bit

CDS archive(s) mapped at: [0x00000298dc000000-0x00000298dcbd0000-0x00000298dcbd0000), size 12386304, SharedBaseAddress: 0x00000298dc000000, ArchiveRelocationMode: 1.
Compressed class space mapped at: 0x00000298dd000000-0x000002991d000000, reserved size: 1073741824
Narrow klass base: 0x00000298dc000000, Narrow klass shift: 0, Narrow klass range: 0x100000000

GC Precious Log:
 CPUs: 12 total, 12 available
 Memory: 7502M
 Large Page Support: Disabled
 NUMA Support: Disabled
 Compressed Oops: Enabled (32-bit)
 Heap Region Size: 1M
 Heap Min Capacity: 8M
 Heap Initial Capacity: 118M
 Heap Max Capacity: 1876M
 Pre-touch: Disabled
 Parallel Workers: 10
 Concurrent Workers: 3
 Concurrent Refinement Workers: 10
 Periodic GC: Disabled

Heap:
 garbage-first heap   total 120832K, used 10240K [0x000000008ac00000, 0x0000000100000000)
  region size 1024K, 9 young (9216K), 0 survivors (0K)
 Metaspace       used 4847K, committed 5056K, reserved 1114112K
  class space    used 516K, committed 640K, reserved 1048576K

Heap Regions: E=young(eden), S=young(survivor), O=old, HS=humongous(starts), HC=humongous(continues), CS=collection set, F=free, OA=open archive, CA=closed archive, TAMS=top-at-mark-start (previous, next)
|   0|0x000000008ac00000, 0x000000008ad00000, 0x000000008ad00000|100%|HS|  |TAMS 0x000000008ac00000, 0x000000008ac00000| Complete 
|   1|0x000000008ad00000, 0x000000008ae00000, 0x000000008ae00000|100%|HC|  |TAMS 0x000000008ad00000, 0x000000008ad00000| Complete 
|   2|0x000000008ae00000, 0x000000008ae00000, 0x000000008af00000|  0%| F|  |TAMS 0x000000008ae00000, 0x000000008ae00000| Untracked 
|   3|0x000000008af00000, 0x000000008af00000, 0x000000008b000000|  0%| F|  |TAMS 0x000000008af00000, 0x000000008af00000| Untracked 
|   4|0x000000008b000000, 0x000000008b000000, 0x000000008b100000|  0%| F|  |TAMS 0x000000008b000000, 0x000000008b000000| Untracked 
|   5|0x000000008b100000, 0x000000008b100000, 0x000000008b200000|  0%| F|  |TAMS 0x000000008b100000, 0x000000008b100000| Untracked 
|   6|0x000000008b200000, 0x000000008b200000, 0x000000008b300000|  0%| F|  |TAMS 0x000000008b200000, 0x000000008b200000| Untracked 
|   7|0x000000008b300000, 0x000000008b300000, 0x000000008b400000|  0%| F|  |TAMS 0x000000008b300000, 0x000000008b300000| Untracked 
|   8|0x000000008b400000, 0x000000008b400000, 0x000000008b500000|  0%| F|  |TAMS 0x000000008b400000, 0x000000008b400000| Untracked 
|   9|0x000000008b500000, 0x000000008b500000, 0x000000008b600000|  0%| F|  |TAMS 0x000000008b500000, 0x000000008b500000| Untracked 
|  10|0x000000008b600000, 0x000000008b600000, 0x000000008b700000|  0%| F|  |TAMS 0x000000008b600000, 0x000000008b600000| Untracked 
|  11|0x000000008b700000, 0x000000008b700000, 0x000000008b800000|  0%| F|  |TAMS 0x000000008b700000, 0x000000008b700000| Untracked 
|  12|0x000000008b800000, 0x000000008b800000, 0x000000008b900000|  0%| F|  |TAMS 0x000000008b800000, 0x000000008b800000| Untracked 
|  13|0x000000008b900000, 0x000000008b900000, 0x000000008ba00000|  0%| F|  |TAMS 0x000000008b900000, 0x000000008b900000| Untracked 
|  14|0x000000008ba00000, 0x000000008ba00000, 0x000000008bb00000|  0%| F|  |TAMS 0x000000008ba00000, 0x000000008ba00000| Untracked 
|  15|0x000000008bb00000, 0x000000008bb00000, 0x000000008bc00000|  0%| F|  |TAMS 0x000000008bb00000, 0x000000008bb00000| Untracked 
|  16|0x000000008bc00000, 0x000000008bc00000, 0x000000008bd00000|  0%| F|  |TAMS 0x000000008bc00000, 0x000000008bc00000| Untracked 
|  17|0x000000008bd00000, 0x000000008bd00000, 0x000000008be00000|  0%| F|  |TAMS 0x000000008bd00000, 0x000000008bd00000| Untracked 
|  18|0x000000008be00000, 0x000000008be00000, 0x000000008bf00000|  0%| F|  |TAMS 0x000000008be00000, 0x000000008be00000| Untracked 
|  19|0x000000008bf00000, 0x000000008bf00000, 0x000000008c000000|  0%| F|  |TAMS 0x000000008bf00000, 0x000000008bf00000| Untracked 
|  20|0x000000008c000000, 0x000000008c000000, 0x000000008c100000|  0%| F|  |TAMS 0x000000008c000000, 0x000000008c000000| Untracked 
|  21|0x000000008c100000, 0x000000008c100000, 0x000000008c200000|  0%| F|  |TAMS 0x000000008c100000, 0x000000008c100000| Untracked 
|  22|0x000000008c200000, 0x000000008c200000, 0x000000008c300000|  0%| F|  |TAMS 0x000000008c200000, 0x000000008c200000| Untracked 
|  23|0x000000008c300000, 0x000000008c300000, 0x000000008c400000|  0%| F|  |TAMS 0x000000008c300000, 0x000000008c300000| Untracked 
|  24|0x000000008c400000, 0x000000008c400000, 0x000000008c500000|  0%| F|  |TAMS 0x000000008c400000, 0x000000008c400000| Untracked 
|  25|0x000000008c500000, 0x000000008c500000, 0x000000008c600000|  0%| F|  |TAMS 0x000000008c500000, 0x000000008c500000| Untracked 
|  26|0x000000008c600000, 0x000000008c600000, 0x000000008c700000|  0%| F|  |TAMS 0x000000008c600000, 0x000000008c600000| Untracked 
|  27|0x000000008c700000, 0x000000008c700000, 0x000000008c800000|  0%| F|  |TAMS 0x000000008c700000, 0x000000008c700000| Untracked 
|  28|0x000000008c800000, 0x000000008c800000, 0x000000008c900000|  0%| F|  |TAMS 0x000000008c800000, 0x000000008c800000| Untracked 
|  29|0x000000008c900000, 0x000000008c900000, 0x000000008ca00000|  0%| F|  |TAMS 0x000000008c900000, 0x000000008c900000| Untracked 
|  30|0x000000008ca00000, 0x000000008ca00000, 0x000000008cb00000|  0%| F|  |TAMS 0x000000008ca00000, 0x000000008ca00000| Untracked 
|  31|0x000000008cb00000, 0x000000008cb00000, 0x000000008cc00000|  0%| F|  |TAMS 0x000000008cb00000, 0x000000008cb00000| Untracked 
|  32|0x000000008cc00000, 0x000000008cc00000, 0x000000008cd00000|  0%| F|  |TAMS 0x000000008cc00000, 0x000000008cc00000| Untracked 
|  33|0x000000008cd00000, 0x000000008cd00000, 0x000000008ce00000|  0%| F|  |TAMS 0x000000008cd00000, 0x000000008cd00000| Untracked 
|  34|0x000000008ce00000, 0x000000008ce00000, 0x000000008cf00000|  0%| F|  |TAMS 0x000000008ce00000, 0x000000008ce00000| Untracked 
|  35|0x000000008cf00000, 0x000000008cf00000, 0x000000008d000000|  0%| F|  |TAMS 0x000000008cf00000, 0x000000008cf00000| Untracked 
|  36|0x000000008d000000, 0x000000008d000000, 0x000000008d100000|  0%| F|  |TAMS 0x000000008d000000, 0x000000008d000000| Untracked 
|  37|0x000000008d100000, 0x000000008d100000, 0x000000008d200000|  0%| F|  |TAMS 0x000000008d100000, 0x000000008d100000| Untracked 
|  38|0x000000008d200000, 0x000000008d200000, 0x000000008d300000|  0%| F|  |TAMS 0x000000008d200000, 0x000000008d200000| Untracked 
|  39|0x000000008d300000, 0x000000008d300000, 0x000000008d400000|  0%| F|  |TAMS 0x000000008d300000, 0x000000008d300000| Untracked 
|  40|0x000000008d400000, 0x000000008d400000, 0x000000008d500000|  0%| F|  |TAMS 0x000000008d400000, 0x000000008d400000| Untracked 
|  41|0x000000008d500000, 0x000000008d500000, 0x000000008d600000|  0%| F|  |TAMS 0x000000008d500000, 0x000000008d500000| Untracked 
|  42|0x000000008d600000, 0x000000008d600000, 0x000000008d700000|  0%| F|  |TAMS 0x000000008d600000, 0x000000008d600000| Untracked 
|  43|0x000000008d700000, 0x000000008d700000, 0x000000008d800000|  0%| F|  |TAMS 0x000000008d700000, 0x000000008d700000| Untracked 
|  44|0x000000008d800000, 0x000000008d800000, 0x000000008d900000|  0%| F|  |TAMS 0x000000008d800000, 0x000000008d800000| Untracked 
|  45|0x000000008d900000, 0x000000008d900000, 0x000000008da00000|  0%| F|  |TAMS 0x000000008d900000, 0x000000008d900000| Untracked 
|  46|0x000000008da00000, 0x000000008da00000, 0x000000008db00000|  0%| F|  |TAMS 0x000000008da00000, 0x000000008da00000| Untracked 
|  47|0x000000008db00000, 0x000000008db00000, 0x000000008dc00000|  0%| F|  |TAMS 0x000000008db00000, 0x000000008db00000| Untracked 
|  48|0x000000008dc00000, 0x000000008dc00000, 0x000000008dd00000|  0%| F|  |TAMS 0x000000008dc00000, 0x000000008dc00000| Untracked 
|  49|0x000000008dd00000, 0x000000008dd00000, 0x000000008de00000|  0%| F|  |TAMS 0x000000008dd00000, 0x000000008dd00000| Untracked 
|  50|0x000000008de00000, 0x000000008de00000, 0x000000008df00000|  0%| F|  |TAMS 0x000000008de00000, 0x000000008de00000| Untracked 
|  51|0x000000008df00000, 0x000000008df00000, 0x000000008e000000|  0%| F|  |TAMS 0x000000008df00000, 0x000000008df00000| Untracked 
|  52|0x000000008e000000, 0x000000008e000000, 0x000000008e100000|  0%| F|  |TAMS 0x000000008e000000, 0x000000008e000000| Untracked 
|  53|0x000000008e100000, 0x000000008e100000, 0x000000008e200000|  0%| F|  |TAMS 0x000000008e100000, 0x000000008e100000| Untracked 
|  54|0x000000008e200000, 0x000000008e200000, 0x000000008e300000|  0%| F|  |TAMS 0x000000008e200000, 0x000000008e200000| Untracked 
|  55|0x000000008e300000, 0x000000008e300000, 0x000000008e400000|  0%| F|  |TAMS 0x000000008e300000, 0x000000008e300000| Untracked 
|  56|0x000000008e400000, 0x000000008e400000, 0x000000008e500000|  0%| F|  |TAMS 0x000000008e400000, 0x000000008e400000| Untracked 
|  57|0x000000008e500000, 0x000000008e500000, 0x000000008e600000|  0%| F|  |TAMS 0x000000008e500000, 0x000000008e500000| Untracked 
|  58|0x000000008e600000, 0x000000008e600000, 0x000000008e700000|  0%| F|  |TAMS 0x000000008e600000, 0x000000008e600000| Untracked 
|  59|0x000000008e700000, 0x000000008e700000, 0x000000008e800000|  0%| F|  |TAMS 0x000000008e700000, 0x000000008e700000| Untracked 
|  60|0x000000008e800000, 0x000000008e800000, 0x000000008e900000|  0%| F|  |TAMS 0x000000008e800000, 0x000000008e800000| Untracked 
|  61|0x000000008e900000, 0x000000008e900000, 0x000000008ea00000|  0%| F|  |TAMS 0x000000008e900000, 0x000000008e900000| Untracked 
|  62|0x000000008ea00000, 0x000000008ea00000, 0x000000008eb00000|  0%| F|  |TAMS 0x000000008ea00000, 0x000000008ea00000| Untracked 
|  63|0x000000008eb00000, 0x000000008eb00000, 0x000000008ec00000|  0%| F|  |TAMS 0x000000008eb00000, 0x000000008eb00000| Untracked 
|  64|0x000000008ec00000, 0x000000008ec00000, 0x000000008ed00000|  0%| F|  |TAMS 0x000000008ec00000, 0x000000008ec00000| Untracked 
|  65|0x000000008ed00000, 0x000000008ed00000, 0x000000008ee00000|  0%| F|  |TAMS 0x000000008ed00000, 0x000000008ed00000| Untracked 
|  66|0x000000008ee00000, 0x000000008ee00000, 0x000000008ef00000|  0%| F|  |TAMS 0x000000008ee00000, 0x000000008ee00000| Untracked 
|  67|0x000000008ef00000, 0x000000008ef00000, 0x000000008f000000|  0%| F|  |TAMS 0x000000008ef00000, 0x000000008ef00000| Untracked 
|  68|0x000000008f000000, 0x000000008f000000, 0x000000008f100000|  0%| F|  |TAMS 0x000000008f000000, 0x000000008f000000| Untracked 
|  69|0x000000008f100000, 0x000000008f100000, 0x000000008f200000|  0%| F|  |TAMS 0x000000008f100000, 0x000000008f100000| Untracked 
|  70|0x000000008f200000, 0x000000008f200000, 0x000000008f300000|  0%| F|  |TAMS 0x000000008f200000, 0x000000008f200000| Untracked 
|  71|0x000000008f300000, 0x000000008f300000, 0x000000008f400000|  0%| F|  |TAMS 0x000000008f300000, 0x000000008f300000| Untracked 
|  72|0x000000008f400000, 0x000000008f400000, 0x000000008f500000|  0%| F|  |TAMS 0x000000008f400000, 0x000000008f400000| Untracked 
|  73|0x000000008f500000, 0x000000008f500000, 0x000000008f600000|  0%| F|  |TAMS 0x000000008f500000, 0x000000008f500000| Untracked 
|  74|0x000000008f600000, 0x000000008f600000, 0x000000008f700000|  0%| F|  |TAMS 0x000000008f600000, 0x000000008f600000| Untracked 
|  75|0x000000008f700000, 0x000000008f700000, 0x000000008f800000|  0%| F|  |TAMS 0x000000008f700000, 0x000000008f700000| Untracked 
|  76|0x000000008f800000, 0x000000008f800000, 0x000000008f900000|  0%| F|  |TAMS 0x000000008f800000, 0x000000008f800000| Untracked 
|  77|0x000000008f900000, 0x000000008f900000, 0x000000008fa00000|  0%| F|  |TAMS 0x000000008f900000, 0x000000008f900000| Untracked 
|  78|0x000000008fa00000, 0x000000008fa00000, 0x000000008fb00000|  0%| F|  |TAMS 0x000000008fa00000, 0x000000008fa00000| Untracked 
|  79|0x000000008fb00000, 0x000000008fb00000, 0x000000008fc00000|  0%| F|  |TAMS 0x000000008fb00000, 0x000000008fb00000| Untracked 
|  80|0x000000008fc00000, 0x000000008fc00000, 0x000000008fd00000|  0%| F|  |TAMS 0x000000008fc00000, 0x000000008fc00000| Untracked 
|  81|0x000000008fd00000, 0x000000008fd00000, 0x000000008fe00000|  0%| F|  |TAMS 0x000000008fd00000, 0x000000008fd00000| Untracked 
|  82|0x000000008fe00000, 0x000000008fe00000, 0x000000008ff00000|  0%| F|  |TAMS 0x000000008fe00000, 0x000000008fe00000| Untracked 
|  83|0x000000008ff00000, 0x000000008ff00000, 0x0000000090000000|  0%| F|  |TAMS 0x000000008ff00000, 0x000000008ff00000| Untracked 
|  84|0x0000000090000000, 0x0000000090000000, 0x0000000090100000|  0%| F|  |TAMS 0x0000000090000000, 0x0000000090000000| Untracked 
|  85|0x0000000090100000, 0x0000000090100000, 0x0000000090200000|  0%| F|  |TAMS 0x0000000090100000, 0x0000000090100000| Untracked 
|  86|0x0000000090200000, 0x0000000090200000, 0x0000000090300000|  0%| F|  |TAMS 0x0000000090200000, 0x0000000090200000| Untracked 
|  87|0x0000000090300000, 0x0000000090300000, 0x0000000090400000|  0%| F|  |TAMS 0x0000000090300000, 0x0000000090300000| Untracked 
|  88|0x0000000090400000, 0x0000000090400000, 0x0000000090500000|  0%| F|  |TAMS 0x0000000090400000, 0x0000000090400000| Untracked 
|  89|0x0000000090500000, 0x0000000090500000, 0x0000000090600000|  0%| F|  |TAMS 0x0000000090500000, 0x0000000090500000| Untracked 
|  90|0x0000000090600000, 0x0000000090600000, 0x0000000090700000|  0%| F|  |TAMS 0x0000000090600000, 0x0000000090600000| Untracked 
|  91|0x0000000090700000, 0x0000000090700000, 0x0000000090800000|  0%| F|  |TAMS 0x0000000090700000, 0x0000000090700000| Untracked 
|  92|0x0000000090800000, 0x0000000090800000, 0x0000000090900000|  0%| F|  |TAMS 0x0000000090800000, 0x0000000090800000| Untracked 
|  93|0x0000000090900000, 0x0000000090900000, 0x0000000090a00000|  0%| F|  |TAMS 0x0000000090900000, 0x0000000090900000| Untracked 
|  94|0x0000000090a00000, 0x0000000090a00000, 0x0000000090b00000|  0%| F|  |TAMS 0x0000000090a00000, 0x0000000090a00000| Untracked 
|  95|0x0000000090b00000, 0x0000000090b00000, 0x0000000090c00000|  0%| F|  |TAMS 0x0000000090b00000, 0x0000000090b00000| Untracked 
|  96|0x0000000090c00000, 0x0000000090c00000, 0x0000000090d00000|  0%| F|  |TAMS 0x0000000090c00000, 0x0000000090c00000| Untracked 
|  97|0x0000000090d00000, 0x0000000090d00000, 0x0000000090e00000|  0%| F|  |TAMS 0x0000000090d00000, 0x0000000090d00000| Untracked 
|  98|0x0000000090e00000, 0x0000000090e00000, 0x0000000090f00000|  0%| F|  |TAMS 0x0000000090e00000, 0x0000000090e00000| Untracked 
|  99|0x0000000090f00000, 0x0000000090f00000, 0x0000000091000000|  0%| F|  |TAMS 0x0000000090f00000, 0x0000000090f00000| Untracked 
| 100|0x0000000091000000, 0x0000000091000000, 0x0000000091100000|  0%| F|  |TAMS 0x0000000091000000, 0x0000000091000000| Untracked 
| 101|0x0000000091100000, 0x0000000091100000, 0x0000000091200000|  0%| F|  |TAMS 0x0000000091100000, 0x0000000091100000| Untracked 
| 102|0x0000000091200000, 0x0000000091200000, 0x0000000091300000|  0%| F|  |TAMS 0x0000000091200000, 0x0000000091200000| Untracked 
| 103|0x0000000091300000, 0x0000000091300000, 0x0000000091400000|  0%| F|  |TAMS 0x0000000091300000, 0x0000000091300000| Untracked 
| 104|0x0000000091400000, 0x0000000091400000, 0x0000000091500000|  0%| F|  |TAMS 0x0000000091400000, 0x0000000091400000| Untracked 
| 105|0x0000000091500000, 0x0000000091500000, 0x0000000091600000|  0%| F|  |TAMS 0x0000000091500000, 0x0000000091500000| Untracked 
| 106|0x0000000091600000, 0x0000000091600000, 0x0000000091700000|  0%| F|  |TAMS 0x0000000091600000, 0x0000000091600000| Untracked 
| 107|0x0000000091700000, 0x0000000091700000, 0x0000000091800000|  0%| F|  |TAMS 0x0000000091700000, 0x0000000091700000| Untracked 
| 108|0x0000000091800000, 0x0000000091800000, 0x0000000091900000|  0%| F|  |TAMS 0x0000000091800000, 0x0000000091800000| Untracked 
| 109|0x0000000091900000, 0x00000000919764c8, 0x0000000091a00000| 46%| E|  |TAMS 0x0000000091900000, 0x0000000091900000| Complete 
| 110|0x0000000091a00000, 0x0000000091b00000, 0x0000000091b00000|100%| E|CS|TAMS 0x0000000091a00000, 0x0000000091a00000| Complete 
| 111|0x0000000091b00000, 0x0000000091c00000, 0x0000000091c00000|100%| E|CS|TAMS 0x0000000091b00000, 0x0000000091b00000| Complete 
| 112|0x0000000091c00000, 0x0000000091d00000, 0x0000000091d00000|100%| E|CS|TAMS 0x0000000091c00000, 0x0000000091c00000| Complete 
| 113|0x0000000091d00000, 0x0000000091e00000, 0x0000000091e00000|100%| E|CS|TAMS 0x0000000091d00000, 0x0000000091d00000| Complete 
| 114|0x0000000091e00000, 0x0000000091f00000, 0x0000000091f00000|100%| E|CS|TAMS 0x0000000091e00000, 0x0000000091e00000| Complete 
| 115|0x0000000091f00000, 0x0000000092000000, 0x0000000092000000|100%| E|CS|TAMS 0x0000000091f00000, 0x0000000091f00000| Complete 
| 116|0x0000000092000000, 0x0000000092100000, 0x0000000092100000|100%| E|CS|TAMS 0x0000000092000000, 0x0000000092000000| Complete 
| 117|0x0000000092100000, 0x0000000092200000, 0x0000000092200000|100%| E|CS|TAMS 0x0000000092100000, 0x0000000092100000| Complete 

Card table byte_map: [0x00000298d4e30000,0x00000298d51e0000] _byte_map_base: 0x00000298d49da000

Marking Bits (Prev, Next): (CMBitMap*) 0x00000298bdcc6c20, (CMBitMap*) 0x00000298bdcc6c60
 Prev Bits: [0x00000298d5590000, 0x00000298d72e0000)
 Next Bits: [0x00000298d72e0000, 0x00000298d9030000)

Polling page: 0x00000298bbbe0000

Metaspace:

Usage:
  Non-class:      4.23 MB used.
      Class:    516.04 KB used.
       Both:      4.73 MB used.

Virtual space:
  Non-class space:       64.00 MB reserved,       4.31 MB (  7%) committed,  1 nodes.
      Class space:        1.00 GB reserved,     640.00 KB ( <1%) committed,  1 nodes.
             Both:        1.06 GB reserved,       4.94 MB ( <1%) committed. 

Chunk freelists:
   Non-Class:  10.90 MB
       Class:  15.25 MB
        Both:  26.15 MB

MaxMetaspaceSize: unlimited
CompressedClassSpaceSize: 1.00 GB
Initial GC threshold: 21.00 MB
Current GC threshold: 21.00 MB
CDS: on
MetaspaceReclaimPolicy: balanced
 - commit_granule_bytes: 65536.
 - commit_granule_words: 8192.
 - virtual_space_node_default_size: 8388608.
 - enlarge_chunks_in_place: 1.
 - new_chunks_are_fully_committed: 0.
 - uncommit_free_chunks: 1.
 - use_allocation_guard: 0.
 - handle_deallocations: 1.


Internal statistics:

num_allocs_failed_limit: 0.
num_arena_births: 98.
num_arena_deaths: 0.
num_vsnodes_births: 2.
num_vsnodes_deaths: 0.
num_space_committed: 79.
num_space_uncommitted: 0.
num_chunks_returned_to_freelist: 0.
num_chunks_taken_from_freelist: 133.
num_chunk_merges: 0.
num_chunk_splits: 73.
num_chunks_enlarged: 20.
num_inconsistent_stats: 0.

CodeHeap 'non-profiled nmethods': size=120000Kb used=199Kb max_used=199Kb free=119800Kb
 bounds [0x00000298cd000000, 0x00000298cd270000, 0x00000298d4530000]
CodeHeap 'profiled nmethods': size=120000Kb used=1070Kb max_used=1070Kb free=118929Kb
 bounds [0x00000298c5530000, 0x00000298c57a0000, 0x00000298cca60000]
CodeHeap 'non-nmethods': size=5760Kb used=1214Kb max_used=1229Kb free=4545Kb
 bounds [0x00000298cca60000, 0x00000298cccd0000, 0x00000298cd000000]
 total_blobs=1202 nmethods=683 adapters=432
 compilation: enabled
              stopped_count=0, restarted_count=0
 full_count=0

Compilation events (20 events):
Event: 0.850 Thread 0x00000298dbc7d0f0  679       3       sun.awt.image.IntegerInterleavedRaster::setDataElements (134 bytes)
Event: 0.850 Thread 0x00000298dbc7d0f0 nmethod 679 0x00000298c5636490 code [0x00000298c5636680, 0x00000298c5636d18]
Event: 0.850 Thread 0x00000298dbc7d0f0  674       3       java.io.BufferedInputStream::getInIfOpen (21 bytes)
Event: 0.850 Thread 0x00000298dbc7d0f0 nmethod 674 0x00000298c5636f90 code [0x00000298c5637140, 0x00000298c5637348]
Event: 0.850 Thread 0x00000298dbc7d0f0  675       3       sun.awt.image.ImageWatched$WeakLink$$Lambda$147/0x00000298dd080688::run (32 bytes)
Event: 0.850 Thread 0x00000298dbc7d0f0 nmethod 675 0x00000298c5637410 code [0x00000298c56375a0, 0x00000298c5637708]
Event: 0.850 Thread 0x00000298dbc7d0f0  676       3       sun.awt.image.ImageWatched$WeakLink::lambda$update$0 (19 bytes)
Event: 0.850 Thread 0x00000298dbc7d0f0 nmethod 676 0x00000298c5637790 code [0x00000298c5637940, 0x00000298c5637be8]
Event: 0.850 Thread 0x00000298dbc7d0f0  677       3       java.awt.ImageMediaEntry::imageUpdate (51 bytes)
Event: 0.850 Thread 0x00000298dbc7d0f0 nmethod 677 0x00000298c5637d10 code [0x00000298c5637f00, 0x00000298c56385e8]
Event: 0.850 Thread 0x00000298dbc7d0f0  680       3       sun.awt.image.ImageWatched$WeakLink$$Lambda$147/0x00000298dd080688::<init> (44 bytes)
Event: 0.851 Thread 0x00000298dbc7d0f0 nmethod 680 0x00000298c5638810 code [0x00000298c56389c0, 0x00000298c5638bf8]
Event: 0.851 Thread 0x00000298dbc7d0f0  681       3       sun.awt.image.PNGFilterInputStream::read (89 bytes)
Event: 0.851 Thread 0x00000298dbc7d0f0 nmethod 681 0x00000298c5638d10 code [0x00000298c5638ee0, 0x00000298c5639238]
Event: 0.851 Thread 0x00000298dbc7d0f0  682   !   3       java.util.zip.Inflater::setInput (69 bytes)
Event: 0.851 Thread 0x00000298dbc7d0f0 nmethod 682 0x00000298c5639390 code [0x00000298c5639540, 0x00000298c5639908]
Event: 0.852 Thread 0x00000298dbc7d0f0  683       3       java.util.zip.InflaterInputStream::available (32 bytes)
Event: 0.852 Thread 0x00000298dbc7d0f0 nmethod 683 0x00000298c5639a90 code [0x00000298c5639c60, 0x00000298c563a108]
Event: 0.852 Thread 0x00000298dbc7d0f0  684       3       java.util.zip.InflaterInputStream::fill (60 bytes)
Event: 0.853 Thread 0x00000298dbc7d0f0 nmethod 684 0x00000298c563a290 code [0x00000298c563a480, 0x00000298c563a8f8]

GC Heap History (0 events):
No events

Deoptimization events (20 events):
Event: 0.787 Thread 0x0000029921a24980 DEOPT PACKING pc=0x00000298cd02aaf0 sp=0x000000dfdadfedb0
Event: 0.787 Thread 0x0000029921a24980 DEOPT UNPACKING pc=0x00000298ccab23a3 sp=0x000000dfdadfed90 mode 2
Event: 0.819 Thread 0x0000029921a24980 DEOPT PACKING pc=0x00000298c5622b5e sp=0x000000dfdadff380
Event: 0.819 Thread 0x0000029921a24980 DEOPT UNPACKING pc=0x00000298ccab2b43 sp=0x000000dfdadfe820 mode 0
Event: 0.820 Thread 0x0000029921a24980 DEOPT PACKING pc=0x00000298c5622b5e sp=0x000000dfdadff380
Event: 0.820 Thread 0x0000029921a24980 DEOPT UNPACKING pc=0x00000298ccab2b43 sp=0x000000dfdadfe820 mode 0
Event: 0.820 Thread 0x0000029921a24980 DEOPT PACKING pc=0x00000298c5622b5e sp=0x000000dfdadff380
Event: 0.820 Thread 0x0000029921a24980 DEOPT UNPACKING pc=0x00000298ccab2b43 sp=0x000000dfdadfe820 mode 0
Event: 0.821 Thread 0x0000029921a24980 DEOPT PACKING pc=0x00000298c5622b5e sp=0x000000dfdadff380
Event: 0.821 Thread 0x0000029921a24980 DEOPT UNPACKING pc=0x00000298ccab2b43 sp=0x000000dfdadfe820 mode 0
Event: 0.821 Thread 0x0000029921a24980 DEOPT PACKING pc=0x00000298c5622b5e sp=0x000000dfdadff380
Event: 0.821 Thread 0x0000029921a24980 DEOPT UNPACKING pc=0x00000298ccab2b43 sp=0x000000dfdadfe820 mode 0
Event: 0.821 Thread 0x0000029921a24980 DEOPT PACKING pc=0x00000298c5622b5e sp=0x000000dfdadff380
Event: 0.821 Thread 0x0000029921a24980 DEOPT UNPACKING pc=0x00000298ccab2b43 sp=0x000000dfdadfe820 mode 0
Event: 0.822 Thread 0x0000029921a24980 DEOPT PACKING pc=0x00000298c5622b5e sp=0x000000dfdadff380
Event: 0.822 Thread 0x0000029921a24980 DEOPT UNPACKING pc=0x00000298ccab2b43 sp=0x000000dfdadfe820 mode 0
Event: 0.822 Thread 0x0000029921a24980 DEOPT PACKING pc=0x00000298c5622b5e sp=0x000000dfdadff380
Event: 0.822 Thread 0x0000029921a24980 DEOPT UNPACKING pc=0x00000298ccab2b43 sp=0x000000dfdadfe820 mode 0
Event: 0.823 Thread 0x0000029921a24980 DEOPT PACKING pc=0x00000298c5622b5e sp=0x000000dfdadff380
Event: 0.823 Thread 0x0000029921a24980 DEOPT UNPACKING pc=0x00000298ccab2b43 sp=0x000000dfdadfe820 mode 0

Classes unloaded (0 events):
No events

Classes redefined (0 events):
No events

Internal exceptions (15 events):
Event: 0.301 Thread 0x00000298bdc6e880 Exception <a 'sun/nio/fs/WindowsException'{0x000000009203f9f8}> (0x000000009203f9f8) 
thrown [s\open\src\hotspot\share\prims\jni.cpp, line 516]
Event: 0.301 Thread 0x00000298bdc6e880 Exception <a 'sun/nio/fs/WindowsException'{0x000000009203ff98}> (0x000000009203ff98) 
thrown [s\open\src\hotspot\share\prims\jni.cpp, line 516]
Event: 0.303 Thread 0x00000298bdc6e880 Exception <a 'sun/nio/fs/WindowsException'{0x00000000920424e8}> (0x00000000920424e8) 
thrown [s\open\src\hotspot\share\prims\jni.cpp, line 516]
Event: 0.303 Thread 0x00000298bdc6e880 Exception <a 'sun/nio/fs/WindowsException'{0x0000000092043040}> (0x0000000092043040) 
thrown [s\open\src\hotspot\share\prims\jni.cpp, line 516]
Event: 0.342 Thread 0x00000298bdc6e880 Exception <a 'java/lang/ClassNotFoundException'{0x00000000920e4788}: sun/awt/resources/spi/awtProvider> (0x00000000920e4788) 
thrown [s\open\src\hotspot\share\classfile\systemDictionary.cpp, line 256]
Event: 0.373 Thread 0x00000298bdc6e880 Exception <a 'java/io/FileNotFoundException'{0x0000000091f377f8}> (0x0000000091f377f8) 
thrown [s\open\src\hotspot\share\prims\jni.cpp, line 516]
Event: 0.382 Thread 0x00000298bdc6e880 Exception <a 'java/io/FileNotFoundException'{0x0000000091f64720}> (0x0000000091f64720) 
thrown [s\open\src\hotspot\share\prims\jni.cpp, line 516]
Event: 0.438 Thread 0x00000298bdc6e880 Exception <a 'java/lang/NoSuchMethodError'{0x0000000091fa8b08}: 'java.lang.Object java.lang.invoke.DirectMethodHandle$Holder.invokeStaticInit(java.lang.Object)'> (0x0000000091fa8b08) 
thrown [s\open\src\hotspot\share\interpreter\linkResolver.cpp, line 759]
Event: 0.659 Thread 0x00000298bdc6e880 Exception <a 'java/lang/NoSuchMethodError'{0x0000000091e09e30}: 'void java.lang.invoke.DirectMethodHandle$Holder.invokeSpecial(java.lang.Object, java.lang.Object, java.lang.Object)'> (0x0000000091e09e30) 
thrown [s\open\src\hotspot\share\interpreter\linkResolver.cpp, line 759]
Event: 0.672 Thread 0x00000298bdc6e880 Exception <a 'java/lang/NoSuchMethodError'{0x0000000091e33fd0}: 'java.lang.Object java.lang.invoke.DirectMethodHandle$Holder.newInvokeSpecial(java.lang.Object, java.lang.Object, java.lang.Object, java.lang.Object, java.lang.Object)'> (0x0000000091e33fd0) 
thrown [s\open\src\hotspot\share\interpreter\linkResolver.cpp, line 759]
Event: 0.675 Thread 0x00000298bdc6e880 Exception <a 'java/lang/NoSuchMethodError'{0x0000000091e3f998}: 'java.lang.Object java.lang.invoke.DirectMethodHandle$Holder.invokeStatic(java.lang.Object, int, java.lang.Object, java.lang.Object, java.lang.Object, java.lang.Object)'> (0x0000000091e3f998) 
thrown [s\open\src\hotspot\share\interpreter\linkResolver.cpp, line 759]
Event: 0.682 Thread 0x00000298bdc6e880 Exception <a 'java/lang/NoSuchMethodError'{0x0000000091e65158}: 'java.lang.Object java.lang.invoke.DirectMethodHandle$Holder.invokeStatic(java.lang.Object, int, java.lang.Object)'> (0x0000000091e65158) 
thrown [s\open\src\hotspot\share\interpreter\linkResolver.cpp, line 759]
Event: 0.718 Thread 0x00000298bdc6e880 Exception <a 'java/lang/ClassNotFoundException'{0x0000000091d1db78}: com/sun/swing/internal/plaf/metal/resources/spi/metalProvider> (0x0000000091d1db78) 
thrown [s\open\src\hotspot\share\classfile\systemDictionary.cpp, line 256]
Event: 0.720 Thread 0x00000298bdc6e880 Exception <a 'java/lang/ClassNotFoundException'{0x0000000091d219d0}: com/sun/swing/internal/plaf/basic/resources/spi/basicProvider> (0x0000000091d219d0) 
thrown [s\open\src\hotspot\share\classfile\systemDictionary.cpp, line 256]
Event: 0.791 Thread 0x0000029921a24980 Exception <a 'java/lang/NoSuchMethodError'{0x0000000091cf86f8}: 'java.lang.Object java.lang.invoke.DirectMethodHandle$Holder.newInvokeSpecial(java.lang.Object, java.lang.Object, java.lang.Object, int, int, int, int, int)'> (0x0000000091cf86f8) 
thrown [s\open\src\hotspot\share\interpreter\linkResolver.cpp, line 759]

VM Operations (2 events):
Event: 0.304 Executing VM operation: HandshakeAllThreads
Event: 0.304 Executing VM operation: HandshakeAllThreads done

Events (20 events):
Event: 0.832 loading class java/awt/event/KeyListener done
Event: 0.832 loading class java/awt/event/WindowListener
Event: 0.832 loading class java/awt/event/WindowListener done
Event: 0.832 loading class java/awt/event/WindowFocusListener
Event: 0.832 loading class java/awt/event/WindowFocusListener done
Event: 0.832 loading class java/awt/event/WindowStateListener
Event: 0.832 loading class java/awt/event/WindowStateListener done
Event: 0.832 loading class java/awt/event/ItemListener
Event: 0.832 loading class java/awt/event/ItemListener done
Event: 0.832 loading class java/awt/event/AdjustmentListener
Event: 0.832 loading class java/awt/event/AdjustmentListener done
Event: 0.832 loading class java/awt/event/TextListener
Event: 0.832 loading class java/awt/event/TextListener done
Event: 0.832 loading class java/awt/event/InputMethodListener
Event: 0.832 loading class java/awt/event/InputMethodListener done
Event: 0.832 loading class java/awt/event/HierarchyListener
Event: 0.832 loading class java/awt/event/HierarchyListener done
Event: 0.832 loading class java/awt/event/HierarchyBoundsListener
Event: 0.832 loading class java/awt/event/HierarchyBoundsListener done
Event: 0.832 loading class java/awt/AWTEventMulticaster done


Dynamic libraries:
0x00007ff7c2e70000 - 0x00007ff7c2e80000 	C:\Program Files\Java\jdk-17\bin\java.exe
0x00007ff959ff0000 - 0x00007ff95a207000 	C:\WINDOWS\SYSTEM32\ntdll.dll
0x00007ff958990000 - 0x00007ff958a54000 	C:\WINDOWS\System32\KERNEL32.DLL
0x00007ff9576e0000 - 0x00007ff957a87000 	C:\WINDOWS\System32\KERNELBASE.dll
0x00007ff957430000 - 0x00007ff957541000 	C:\WINDOWS\System32\ucrtbase.dll
0x00007ff900c70000 - 0x00007ff900c8b000 	C:\Program Files\Java\jdk-17\bin\VCRUNTIME140.dll
0x00007ff9526c0000 - 0x00007ff9526d9000 	C:\Program Files\Java\jdk-17\bin\jli.dll
0x00007ff9596c0000 - 0x00007ff959772000 	C:\WINDOWS\System32\ADVAPI32.dll
0x00007ff958dd0000 - 0x00007ff958e77000 	C:\WINDOWS\System32\msvcrt.dll
0x00007ff958fe0000 - 0x00007ff959088000 	C:\WINDOWS\System32\sechost.dll
0x00007ff9573d0000 - 0x00007ff9573f8000 	C:\WINDOWS\System32\bcrypt.dll
0x00007ff958cb0000 - 0x00007ff958dc5000 	C:\WINDOWS\System32\RPCRT4.dll
0x00007ff957dd0000 - 0x00007ff957f7e000 	C:\WINDOWS\System32\USER32.dll
0x00007ff957400000 - 0x00007ff957426000 	C:\WINDOWS\System32\win32u.dll
0x00007ff9598a0000 - 0x00007ff9598c9000 	C:\WINDOWS\System32\GDI32.dll
0x00007ff957550000 - 0x00007ff957669000 	C:\WINDOWS\System32\gdi32full.dll
0x00007ff93c2c0000 - 0x00007ff93c553000 	C:\WINDOWS\WinSxS\amd64_microsoft.windows.common-controls_6595b64144ccf1df_6.0.22621.3527_none_270e469b73872a76\COMCTL32.dll
0x00007ff957c80000 - 0x00007ff957d1a000 	C:\WINDOWS\System32\msvcp_win.dll
0x00007ff94f300000 - 0x00007ff94f30a000 	C:\WINDOWS\SYSTEM32\VERSION.dll
0x00007ff957d30000 - 0x00007ff957d61000 	C:\WINDOWS\System32\IMM32.DLL
0x00007ff900c60000 - 0x00007ff900c6c000 	C:\Program Files\Java\jdk-17\bin\vcruntime140_1.dll
0x00007ff91d520000 - 0x00007ff91d5ae000 	C:\Program Files\Java\jdk-17\bin\msvcp140.dll
0x00007ff900ca0000 - 0x00007ff901880000 	C:\Program Files\Java\jdk-17\bin\server\jvm.dll
0x00007ff959780000 - 0x00007ff959788000 	C:\WINDOWS\System32\PSAPI.DLL
0x00007ff900c90000 - 0x00007ff900c99000 	C:\WINDOWS\SYSTEM32\WSOCK32.dll
0x00007ff94f900000 - 0x00007ff94f934000 	C:\WINDOWS\SYSTEM32\WINMM.dll
0x00007ff959790000 - 0x00007ff959801000 	C:\WINDOWS\System32\WS2_32.dll
0x00007ff956310000 - 0x00007ff956328000 	C:\WINDOWS\SYSTEM32\kernel.appcore.dll
0x00007ff900ad0000 - 0x00007ff900ada000 	C:\Program Files\Java\jdk-17\bin\jimage.dll
0x00007ff94ae20000 - 0x00007ff94b052000 	C:\WINDOWS\SYSTEM32\DBGHELP.DLL
0x00007ff959330000 - 0x00007ff9596b8000 	C:\WINDOWS\System32\combase.dll
0x00007ff9590a0000 - 0x00007ff959177000 	C:\WINDOWS\System32\OLEAUT32.dll
0x00007ff93cb00000 - 0x00007ff93cb32000 	C:\WINDOWS\SYSTEM32\dbgcore.DLL
0x00007ff957c00000 - 0x00007ff957c79000 	C:\WINDOWS\System32\bcryptPrimitives.dll
0x00007ff900bf0000 - 0x00007ff900c15000 	C:\Program Files\Java\jdk-17\bin\java.dll
0x00007ff91d7f0000 - 0x00007ff91d8c7000 	C:\Program Files\Java\jdk-17\bin\jsvml.dll
0x00007ff958130000 - 0x00007ff95898c000 	C:\WINDOWS\System32\SHELL32.dll
0x00007ff955200000 - 0x00007ff955af6000 	C:\WINDOWS\SYSTEM32\windows.storage.dll
0x00007ff9550c0000 - 0x00007ff9551fe000 	C:\WINDOWS\SYSTEM32\wintypes.dll
0x00007ff958e80000 - 0x00007ff958f75000 	C:\WINDOWS\System32\SHCORE.dll
0x00007ff958f80000 - 0x00007ff958fde000 	C:\WINDOWS\System32\shlwapi.dll
0x00007ff957240000 - 0x00007ff957261000 	C:\WINDOWS\SYSTEM32\profapi.dll
0x00007ff940860000 - 0x00007ff940879000 	C:\Program Files\Java\jdk-17\bin\net.dll
0x00007ff951bf0000 - 0x00007ff951d26000 	C:\WINDOWS\SYSTEM32\WINHTTP.dll
0x00007ff9567a0000 - 0x00007ff956809000 	C:\WINDOWS\system32\mswsock.dll
0x00007ff940840000 - 0x00007ff940856000 	C:\Program Files\Java\jdk-17\bin\nio.dll
0x00007ff8ffc70000 - 0x00007ff8ffe01000 	C:\Program Files\Java\jdk-17\bin\awt.dll
0x00007ff954630000 - 0x00007ff9546c7000 	C:\WINDOWS\SYSTEM32\apphelp.dll
0x00007ff954a50000 - 0x00007ff954a7b000 	C:\WINDOWS\system32\DWMAPI.DLL
0x00007ff9547c0000 - 0x00007ff95486b000 	C:\WINDOWS\system32\uxtheme.dll
0x00007ff8ff6b0000 - 0x00007ff8ff7b0000 	C:\WINDOWS\system32\opengl32.dll
0x00007ff8ff680000 - 0x00007ff8ff6ad000 	C:\WINDOWS\SYSTEM32\GLU32.dll
0x00007ff9548e0000 - 0x00007ff954919000 	C:\WINDOWS\SYSTEM32\dxcore.dll
0x00007ff957f80000 - 0x00007ff9580d3000 	C:\WINDOWS\System32\MSCTF.dll
0x00007ff958a80000 - 0x00007ff958c25000 	C:\WINDOWS\System32\ole32.dll
0x00007ff8ed6a0000 - 0x00007ff8ed849000 	C:\WINDOWS\system32\d3d9.dll
0x00007ff94e490000 - 0x00007ff94e64b000 	C:\WINDOWS\System32\DriverStore\FileRepository\u0387389.inf_amd64_995be970e30b8c79\B385477\aticfx64.dll
0x00007ff941660000 - 0x00007ff941694000 	C:\WINDOWS\System32\DriverStore\FileRepository\u0387389.inf_amd64_995be970e30b8c79\B385477\atiu9p64.dll
0x00007ff92a400000 - 0x00007ff92b155000 	C:\WINDOWS\System32\DriverStore\FileRepository\u0387389.inf_amd64_995be970e30b8c79\B385477\atiumd64.dll
0x0000000062cf0000 - 0x0000000063c17000 	C:\WINDOWS\System32\DriverStore\FileRepository\u0387389.inf_amd64_995be970e30b8c79\B385477\atiumd6a.dll
0x00007ff959b30000 - 0x00007ff959fa4000 	C:\WINDOWS\System32\SETUPAPI.dll
0x00007ff956dd0000 - 0x00007ff956e1d000 	C:\WINDOWS\SYSTEM32\POWRPROF.dll
0x00007ff956c70000 - 0x00007ff956c83000 	C:\WINDOWS\SYSTEM32\UMPDC.dll
0x00007ff94bf10000 - 0x00007ff94bf45000 	C:\WINDOWS\SYSTEM32\amdihk64.dll
0x00007ff951d70000 - 0x00007ff951dba000 	C:\WINDOWS\SYSTEM32\directxdatabasehelper.dll
0x00007ff940820000 - 0x00007ff940838000 	C:\Program Files\Java\jdk-17\bin\zip.dll

dbghelp: loaded successfully - version: 4.0.5 - missing functions: none
symbol engine: initialized successfully - sym options: 0x614 - pdb path: .;C:\Program Files\Java\jdk-17\bin;C:\WINDOWS\SYSTEM32;C:\WINDOWS\WinSxS\amd64_microsoft.windows.common-controls_6595b64144ccf1df_6.0.22621.3527_none_270e469b73872a76;C:\Program Files\Java\jdk-17\bin\server;C:\WINDOWS\System32\DriverStore\FileRepository\u0387389.inf_amd64_995be970e30b8c79\B385477

VM Arguments:
jvm_args: -Dfile.encoding=UTF-8 --module-path=C:\Users\91880\OneDrive\Documents\NetBeansProjects\Chatting Application\build\classes 
java_command: chatting.application.Server
java_class_path (initial): C:\Users\91880\OneDrive\Documents\NetBeansProjects\Chatting Application\build\classes
Launcher Type: SUN_STANDARD

[Global flags]
     intx CICompilerCount                          = 4                                         {product} {ergonomic}
     uint ConcGCThreads                            = 3                                         {product} {ergonomic}
     uint G1ConcRefinementThreads                  = 10                                        {product} {ergonomic}
   size_t G1HeapRegionSize                         = 1048576                                   {product} {ergonomic}
    uintx GCDrainStackTargetSize                   = 64                                        {product} {ergonomic}
   size_t InitialHeapSize                          = 123731968                                 {product} {ergonomic}
   size_t MarkStackSize                            = 4194304                                   {product} {ergonomic}
   size_t MaxHeapSize                              = 1967128576                                {product} {ergonomic}
   size_t MaxNewSize                               = 1179648000                                {product} {ergonomic}
   size_t MinHeapDeltaBytes                        = 1048576                                   {product} {ergonomic}
   size_t MinHeapSize                              = 8388608                                   {product} {ergonomic}
    uintx NonNMethodCodeHeapSize                   = 5839372                                {pd product} {ergonomic}
    uintx NonProfiledCodeHeapSize                  = 122909434                              {pd product} {ergonomic}
    uintx ProfiledCodeHeapSize                     = 122909434                              {pd product} {ergonomic}
    uintx ReservedCodeCacheSize                    = 251658240                              {pd product} {ergonomic}
     bool SegmentedCodeCache                       = true                                      {product} {ergonomic}
   size_t SoftMaxHeapSize                          = 1967128576                             {manageable} {ergonomic}
     bool UseCompressedClassPointers               = true                           {product lp64_product} {ergonomic}
     bool UseCompressedOops                        = true                           {product lp64_product} {ergonomic}
     bool UseG1GC                                  = true                                      {product} {ergonomic}
     bool UseLargePagesIndividualAllocation        = false                                  {pd product} {ergonomic}

Logging:
Log output configuration:
 #0: stdout all=warning uptime,level,tags
 #1: stderr all=off uptime,level,tags

Environment Variables:
PATH=C:\Program Files\Common Files\Oracle\Java\javapath;C:\Program Files (x86)\Common Files\Oracle\Java\javapath;C:\Program Files\Python39\Scripts\;C:\Program Files\Python39\;C:\WINDOWS\system32;C:\WINDOWS;C:\WINDOWS\System32\Wbem;C:\WINDOWS\System32\WindowsPowerShell\v1.0\;C:\WINDOWS\System32\OpenSSH\;C:\Program Files\Microchip\xc8\v2.36\bin;C:\Program Files\Git\cmd;C:\Program Files\MySQL\MySQL Server 8.0\bin;C:\Program Files\HP\HP One Agent;C:\Program Files\Java\jdk-17\bin;C:\Users\91880\AppData\Local\Programs\Python\Launcher\;C:\Program Files\MySQL\MySQL Shell 8.0\bin\;C:\Users\91880\AppData\Local\Microsoft\WindowsApps;C:\Users\91880\AppData\Local\Programs\Microsoft VS Code\bin;C:\MinGW\bin;C:\Program Files\Java\jdk1.8.0_201\bin
USERNAME=91880
OS=Windows_NT
PROCESSOR_IDENTIFIER=AMD64 Family 23 Model 104 Stepping 1, AuthenticAMD



---------------  S Y S T E M  ---------------

OS:
 Windows 11 , 64 bit Build 22621 (10.0.22621.3527)
OS uptime: 0 days 1:23 hours
Hyper-V role detected

CPU: total 12 (initial active 12) (12 cores per cpu, 2 threads per core) family 23 model 104 stepping 1 microcode 0x0, cx8, cmov, fxsr, ht, mmx, 3dnowpref, sse, sse2, sse3, ssse3, sse4a, sse4.1, sse4.2, popcnt, lzcnt, tsc, tscinvbit, avx, avx2, aes, clmul, bmi1, bmi2, adx, sha, fma, vzeroupper, clflush, clflushopt, hv

Memory: 4k page, system-wide physical 7502M (375M free)
TotalPageFile size 30030M (AvailPageFile size 0M)
current process WorkingSet (physical memory assigned to process): 67M, peak: 67M
current process commit charge ("private bytes"): 229M, peak: 229M

vm_info: Java HotSpot(TM) 64-Bit Server VM (17.0.11+7-LTS-207) for windows-amd64 JRE (17.0.11+7-LTS-207), built on Mar 11 2024 19:01:50 by "mach5one" with MS VC++ 17.6 (VS2022)

END.
